Exception EXCEPTION_ACCESS_VIOLATION has occurred in the thread 8728.
Main Thread 2876
=====================
0x00007FF8C57F6154	NULL (NULL:0) (ntdll:0x00007FF8C5750000) ( 0x0, 0x8b81a574, 0x110488, 0x113 ) 
0x00007FF8C20A75FF	NULL (NULL:0) (KERNELBASE:0x00007FF8C2090000) ( 0x386d7b8, 0x47a12939, 0x0, 0xfd4 ) 
0x00000001402B6B86	NULL (NULL:0) (xtop:0x0000000140000000) ( 0x386d7b8, 0x0, 0x0, 0x0 ) 
0x00000001402B8D59	NULL (NULL:0) (xtop:0x0000000140000000) ( 0x38c8a88, 0x7fffffff, 0x4148c4a0, 0x4bb92b8c ) 
0x00000001408C2441	NULL (NULL:0) (xtop:0x0000000140000000) ( 0x0, 0x4769d210, 0x1, 0x0 ) 
0x0000000145A6BA0E	NULL (NULL:0) (xtop:0x0000000140000000) ( 0x1, 0xbadd10, 0x1, 0x0 ) 
0x0000000143F3B91D	NULL (NULL:0) (xtop:0x0000000140000000) ( 0x1, 0x0, 0x0, 0x1 ) 
0x0000000143F3BEF1	NULL (NULL:0) (xtop:0x0000000140000000) ( 0x0, 0x3f, 0xbae960, 0xbaea00 ) 
0x0000000143F3F2E5	NULL (NULL:0) (xtop:0x0000000140000000) ( 0xbae950, 0x0, 0xea, 0x46a79b88 ) 
0x0000000143931663	NULL (NULL:0) (xtop:0x0000000140000000) ( 0xbae950, 0x0, 0xffffffff, 0xbae960 ) 
0x0000000143945F07	NULL (NULL:0) (xtop:0x0000000140000000) ( 0x4693d470, 0x0, 0x0, 0x4693d470 ) 
0x0000000142CE9D07	NULL (NULL:0) (xtop:0x0000000140000000) ( 0x230, 0x0, 0x17bdc020, 0x0 ) 
0x0000000142D0641C	NULL (NULL:0) (xtop:0x0000000140000000) ( 0x0, 0x0, 0x0, 0x403a6a15 ) 
0x0000000142D06A06	NULL (NULL:0) (xtop:0x0000000140000000) ( 0x4693d470, 0x0, 0x0, 0x493a4bc8 ) 
0x0000000142D15257	NULL (NULL:0) (xtop:0x0000000140000000) ( 0x0, 0x4693d470, 0x8, 0x42cfea3e ) 
0x0000000143F4682B	NULL (NULL:0) (xtop:0x0000000140000000) ( 0xffffffff, 0x1, 0xffffffff, 0x0 ) 
0x0000000143F46879	NULL (NULL:0) (xtop:0x0000000140000000) ( 0x4693d470, 0x4c5469e0, 0xbaf340, 0x6514f08 ) 
0x0000000142CF4696	NULL (NULL:0) (xtop:0x0000000140000000) ( 0xbaf340, 0x49cda400, 0x49cda548, 0x10681b20 ) 
0x0000000147B9A0E0	NULL (NULL:0) (xtop:0x0000000140000000) ( 0x1, 0x4693d470, 0x0, 0x3023b2 ) 
0x0000000147BBC0D7	NULL (NULL:0) (xtop:0x0000000140000000) ( 0x6514f08, 0x3963cf8, 0x0, 0x47bc9377 ) 
0x0000000147254233	NULL (NULL:0) (xtop:0x0000000140000000) ( 0xbaf730, 0x0, 0xbaf830, 0x1 ) 
0x0000000147254B49	NULL (NULL:0) (xtop:0x0000000140000000) ( 0xbaf830, 0xbaf880, 0x64f0ba8, 0xffffffff ) 
0x00000001404BD597	NULL (NULL:0) (xtop:0x0000000140000000) ( 0x1, 0x3963cb0, 0x1, 0x0 ) 
0x00000001404C4044	NULL (NULL:0) (xtop:0x0000000140000000) ( 0x0, 0x0, 0x23, 0x0 ) 
0x00000001404C5D60	NULL (NULL:0) (xtop:0x0000000140000000) ( 0x1, 0xffffffff, 0xbafb20, 0x4 ) 
0x00000001404C6D74	NULL (NULL:0) (xtop:0x0000000140000000) ( 0x7, 0x0, 0x0, 0x0 ) 
0x00000001408C2948	NULL (NULL:0) (xtop:0x0000000140000000) ( 0x492c1c30, 0x0, 0x4c284b30, 0x438ec7aa ) 
0x00000001404C7545	NULL (NULL:0) (xtop:0x0000000140000000) ( 0x0, 0x0, 0x1, 0x0 ) 
0x0000000142D0C2C9	NULL (NULL:0) (xtop:0x0000000140000000) ( 0x4c284b30, 0x1, 0x0, 0x0 ) 
0x0000000142CCA1DA	NULL (NULL:0) (xtop:0x0000000140000000) ( 0x4c284b30, 0x1, 0xc80840, 0x1 ) 
0x0000000140B58ADD	NULL (NULL:0) (xtop:0x0000000140000000) ( 0x0, 0xbafc30, 0x492c1a30, 0x40000000 ) 
0x0000000140B58CD4	NULL (NULL:0) (xtop:0x0000000140000000) ( 0x0, 0x40000000, 0x40000000, 0x1 ) 
0x0000000140443389	NULL (NULL:0) (xtop:0x0000000140000000) ( 0x0, 0x0, 0x0, 0x0 ) 
0x00007FF8C30F8364	NULL (NULL:0) (KERNEL32:0x00007FF8C30F0000) ( 0x0, 0x0, 0x0, 0x0 ) 

Thread 12808
=====================
0x00007FF8C57F6154	NULL (NULL:0) (ntdll:0x00007FF8C5750000) ( 0x326a780, 0x0, 0x0, 0x0 ) 
0x00007FF8C20A75FF	NULL (NULL:0) (KERNELBASE:0x00007FF8C2090000) ( 0x38631c8, 0x402b86a4, 0x0, 0x758 ) 
0x00000001402B877A	NULL (NULL:0) (xtop:0x0000000140000000) ( 0x0, 0x10604ac0, 0x0, 0x0 ) 
0x0000000142F430AE	NULL (NULL:0) (xtop:0x0000000140000000) ( 0x10604ac0, 0x0, 0x0, 0x3953910 ) 
0x00000001402BC3B3	NULL (NULL:0) (xtop:0x0000000140000000) ( 0x0, 0x0, 0x2dd4ad0, 0x7fffffff ) 
0x0000000140448F7B	NULL (NULL:0) (xtop:0x0000000140000000) ( 0x35febf0, 0x0, 0x0, 0x0 ) 
0x000000014044902F	NULL (NULL:0) (xtop:0x0000000140000000) ( 0x0, 0x0, 0x0, 0x0 ) 
0x00007FF8C30F8364	NULL (NULL:0) (KERNEL32:0x00007FF8C30F0000) ( 0x0, 0x0, 0x0, 0x0 ) 

Thread 10804
=====================
0x00007FF8C57F6C24	NULL (NULL:0) (ntdll:0x00007FF8C5750000) ( 0x0, 0x0, 0x0, 0xc57b70b0 ) 
0x00007FF8C20DC2CF	NULL (NULL:0) (KERNELBASE:0x00007FF8C2090000) ( 0x0, 0x0, 0x0, 0x0 ) 
0x00007FF8C20DC1CE	NULL (NULL:0) (KERNELBASE:0x00007FF8C2090000) ( 0x0, 0x0, 0x0, 0x0 ) 
0x0000000140489816	NULL (NULL:0) (xtop:0x0000000140000000) ( 0x0, 0x0, 0x0, 0x0 ) 
0x00007FF8C30F8364	NULL (NULL:0) (KERNEL32:0x00007FF8C30F0000) ( 0x0, 0x0, 0x0, 0x0 ) 

Thread 2624
=====================
0x00007FF8C57F61F4	NULL (NULL:0) (ntdll:0x00007FF8C5750000) ( 0x102, 0xad9c17b9, 0xbbbfbb8, 0xadcc85e6 ) 
0x00007FF8C20DF58F	NULL (NULL:0) (KERNELBASE:0x00007FF8C2090000) ( 0x3e437d0, 0x0, 0x3e65540, 0x14 ) 
0x00007FF8ADCC94BA	NULL (NULL:0) (SOGOUPY:0x00007FF8AD9B0000) ( 0x33bb728, 0x0, 0x3e437d0, 0x0 ) 
0x00007FF8ADCC9893	NULL (NULL:0) (SOGOUPY:0x00007FF8AD9B0000) ( 0x33bb728, 0x0, 0x0, 0x0 ) 
0x00007FF8ADB3869B	NULL (NULL:0) (SOGOUPY:0x00007FF8AD9B0000) ( 0xadecff50, 0x3e437d0, 0x0, 0x0 ) 
0x00007FF8ADB3874F	NULL (NULL:0) (SOGOUPY:0x00007FF8AD9B0000) ( 0x0, 0x0, 0x0, 0x0 ) 
0x00007FF8C30F8364	NULL (NULL:0) (KERNEL32:0x00007FF8C30F0000) ( 0x0, 0x0, 0x0, 0x0 ) 

Thread 12872
=====================
0x00007FF8C57F6C24	NULL (NULL:0) (ntdll:0x00007FF8C5750000) ( 0x90422, 0x1950ee0, 0x0, 0xc4a2e351 ) 
0x00007FF8C20DC2CF	NULL (NULL:0) (KERNELBASE:0x00007FF8C2090000) ( 0x60, 0x0, 0xd03fd90, 0x0 ) 
0x00007FF8C4A43AF8	NULL (NULL:0) (USER32:0x00007FF8C4A20000) ( 0xe3006fc7, 0xd03ff40, 0x0, 0x0 ) 
0x0000000055B5E21D	NULL (NULL:0) (nvoglv64:0x0000000055050000) ( 0x0, 0x0, 0x0, 0x0 ) 
0x00007FF8C30F8364	NULL (NULL:0) (KERNEL32:0x00007FF8C30F0000) ( 0x0, 0x0, 0x0, 0x0 ) 

Thread 11944
=====================
0x00007FF8C57F6154	NULL (NULL:0) (ntdll:0x00007FF8C5750000) ( 0x1, 0x1, 0x1, 0xc4a3e3a3 ) 
0x00007FF8C20A75FF	NULL (NULL:0) (KERNELBASE:0x00007FF8C2090000) ( 0x9fc3080, 0x1, 0x0, 0x674 ) 
0x0000000055B6309A	NULL (NULL:0) (nvoglv64:0x0000000055050000) ( 0x103, 0x18689, 0x9fc3080, 0x186a0 ) 
0x0000000055931BFD	NULL (NULL:0) (nvoglv64:0x0000000055050000) ( 0x9fc3080, 0x0, 0x0, 0x0 ) 
0x00000000559318B8	NULL (NULL:0) (nvoglv64:0x0000000055050000) ( 0x0, 0x0, 0x0, 0x0 ) 
0x0000000055B650B7	NULL (NULL:0) (nvoglv64:0x0000000055050000) ( 0x0, 0x0, 0x0, 0x0 ) 
0x00007FF8C30F8364	NULL (NULL:0) (KERNEL32:0x00007FF8C30F0000) ( 0x0, 0x0, 0x0, 0x0 ) 

Thread 13808
=====================
0x00007FF8C57F6154	NULL (NULL:0) (ntdll:0x00007FF8C5750000) ( 0x326b860, 0x0, 0x0, 0x0 ) 
0x00007FF8C20A75FF	NULL (NULL:0) (KERNELBASE:0x00007FF8C2090000) ( 0x38631c8, 0x402b86a4, 0x0, 0x758 ) 
0x00000001402B877A	NULL (NULL:0) (xtop:0x0000000140000000) ( 0x0, 0x10604b70, 0x0, 0x0 ) 
0x0000000142F430AE	NULL (NULL:0) (xtop:0x0000000140000000) ( 0x10604b70, 0x0, 0x0, 0x0 ) 
0x00000001402BC3B3	NULL (NULL:0) (xtop:0x0000000140000000) ( 0x0, 0x0, 0x2dd6050, 0x0 ) 
0x0000000140448F7B	NULL (NULL:0) (xtop:0x0000000140000000) ( 0x3bfb4d0, 0x0, 0x0, 0x0 ) 
0x000000014044902F	NULL (NULL:0) (xtop:0x0000000140000000) ( 0x0, 0x0, 0x0, 0x0 ) 
0x00007FF8C30F8364	NULL (NULL:0) (KERNEL32:0x00007FF8C30F0000) ( 0x0, 0x0, 0x0, 0x0 ) 

Thread 952
=====================
0x00007FF8C57F6154	NULL (NULL:0) (ntdll:0x00007FF8C5750000) ( 0x326b920, 0x0, 0x0, 0xc5780c10 ) 
0x00007FF8C20A75FF	NULL (NULL:0) (KERNELBASE:0x00007FF8C2090000) ( 0x38631c8, 0x402b86a4, 0x0, 0x758 ) 
0x00000001402B877A	NULL (NULL:0) (xtop:0x0000000140000000) ( 0x0, 0x10604c20, 0x0, 0x0 ) 
0x0000000142F430AE	NULL (NULL:0) (xtop:0x0000000140000000) ( 0x10604c20, 0x0, 0x0, 0x0 ) 
0x00000001402BC3B3	NULL (NULL:0) (xtop:0x0000000140000000) ( 0x0, 0x0, 0x2dd6150, 0x0 ) 
0x0000000140448F7B	NULL (NULL:0) (xtop:0x0000000140000000) ( 0x1053cc10, 0x0, 0x0, 0x0 ) 
0x000000014044902F	NULL (NULL:0) (xtop:0x0000000140000000) ( 0x0, 0x0, 0x0, 0x0 ) 
0x00007FF8C30F8364	NULL (NULL:0) (KERNEL32:0x00007FF8C30F0000) ( 0x0, 0x0, 0x0, 0x0 ) 

Thread 14984
=====================
0x00007FF8C57F6C24	NULL (NULL:0) (ntdll:0x00007FF8C5750000) ( 0x0, 0x386, 0x1, 0x0 ) 
0x00007FF8C20DC2CF	NULL (NULL:0) (KERNELBASE:0x00007FF8C2090000) ( 0x1, 0x55b8d1ee, 0x183c4c00, 0x0 ) 
0x00007FF8C20DC1CE	NULL (NULL:0) (KERNELBASE:0x00007FF8C2090000) ( 0x43e28710, 0x0, 0x4041c470, 0x7ec ) 
0x0000000055BAC4D6	NULL (NULL:0) (nvoglv64:0x0000000055050000) ( 0x0, 0x0, 0x0, 0x0 ) 
0x00007FF8C30F8364	NULL (NULL:0) (KERNEL32:0x00007FF8C30F0000) ( 0x0, 0x0, 0x0, 0x0 ) 

Thread 6844
=====================
0x00007FF8C57F6C24	NULL (NULL:0) (ntdll:0x00007FF8C5750000) ( 0x0, 0x0, 0x0, 0x0 ) 
0x00007FF8C20DC2CF	NULL (NULL:0) (KERNELBASE:0x00007FF8C2090000) ( 0x1bf00290, 0xffffffff, 0xffffffff, 0x1bf00280 ) 
0x00007FF88B176D0A	NULL (NULL:0) (mshtml:0x00007FF88B0F0000) ( 0x1bf00280, 0xc673b30, 0x0, 0x0 ) 
0x00007FF88B1DA738	NULL (NULL:0) (mshtml:0x00007FF88B0F0000) ( 0x1bf00280, 0x0, 0x0, 0x0 ) 
0x00007FF8C2F6B2BA	NULL (NULL:0) (msvcrt:0x00007FF8C2F30000) ( 0xc2fc0670, 0xc673b30, 0x0, 0x0 ) 
0x00007FF8C2F6B38C	NULL (NULL:0) (msvcrt:0x00007FF8C2F30000) ( 0x0, 0x0, 0x0, 0x0 ) 
0x00007FF8C30F8364	NULL (NULL:0) (KERNEL32:0x00007FF8C30F0000) ( 0x0, 0x0, 0x0, 0x0 ) 

Thread 220
=====================
0x00007FF8C57F6C24	NULL (NULL:0) (ntdll:0x00007FF8C5750000) ( 0x776c3b7c, 0x8, 0x0, 0xbabe ) 
0x00007FF8C20DC2CF	NULL (NULL:0) (KERNELBASE:0x00007FF8C2090000) ( 0x1c99fdd0, 0x1c99fcd0, 0x1c99fca0, 0x1 ) 
0x00007FF8C4A3E1FB	NULL (NULL:0) (USER32:0x00007FF8C4A20000) ( 0x1c99fdd0, 0xc4e172f7, 0x1c99fdd0, 0x1 ) 
0x00007FF8C4E1750D	NULL (NULL:0) (combase:0x00007FF8C4DD0000) ( 0x80010115, 0x80010115, 0x1c024480, 0x1 ) 
0x00007FF8C4E93C5F	NULL (NULL:0) (combase:0x00007FF8C4DD0000) ( 0x0, 0x0, 0x0, 0x0 ) 
0x00007FF8C4E4EBA3	NULL (NULL:0) (combase:0x00007FF8C4DD0000) ( 0x1c024420, 0x0, 0x0, 0x0 ) 
0x00007FF88B1BCC29	NULL (NULL:0) (mshtml:0x00007FF88B0F0000) ( 0x0, 0x1c024420, 0x0, 0x0 ) 
0x00007FF88B1D1EF8	NULL (NULL:0) (mshtml:0x00007FF88B0F0000) ( 0x0, 0x8b0f0000, 0x0, 0x0 ) 
0x00007FF8C30F8364	NULL (NULL:0) (KERNEL32:0x00007FF8C30F0000) ( 0x0, 0x0, 0x0, 0x0 ) 

Thread 1208
=====================
0x00007FF8C57F98A4	NULL (NULL:0) (ntdll:0x00007FF8C5750000) ( 0x10004, 0x185da601, 0x185f3e10, 0x1 ) 
0x00007FF8C578352E	NULL (NULL:0) (ntdll:0x00007FF8C5750000) ( 0x0, 0x0, 0x0, 0x0 ) 
0x00007FF8C30F8364	NULL (NULL:0) (KERNEL32:0x00007FF8C30F0000) ( 0x0, 0x0, 0x0, 0x0 ) 

Thread 2136
=====================
0x00007FF8C57F6154	NULL (NULL:0) (ntdll:0x00007FF8C5750000) ( 0x1c08c050, 0x1c090000, 0x0, 0x0 ) 
0x00007FF8C20A75FF	NULL (NULL:0) (KERNELBASE:0x00007FF8C2090000) ( 0x1c08c000, 0x1c08c000, 0x0, 0xb24 ) 
0x00007FF88B22FF5F	NULL (NULL:0) (mshtml:0x00007FF88B0F0000) ( 0x1c08c000, 0x1c08c000, 0x0, 0x0 ) 
0x00007FF88B1D1EF8	NULL (NULL:0) (mshtml:0x00007FF88B0F0000) ( 0x0, 0x8b0f0000, 0x0, 0x0 ) 
0x00007FF8C30F8364	NULL (NULL:0) (KERNEL32:0x00007FF8C30F0000) ( 0x0, 0x0, 0x0, 0x0 ) 

Thread 15904
=====================
0x00007FF8C57F6C24	NULL (NULL:0) (ntdll:0x00007FF8C5750000) ( 0x8, 0x0, 0x0, 0xd20000 ) 
0x00007FF8C20DC2CF	NULL (NULL:0) (KERNELBASE:0x00007FF8C2090000) ( 0x1fd2fce0, 0x3, 0x3, 0x1c04c1d8 ) 
0x00007FF8C20DC1CE	NULL (NULL:0) (KERNELBASE:0x00007FF8C2090000) ( 0x1c04c1a0, 0x1fd2fce0, 0x1fd2fcc0, 0x1c04c1a0 ) 
0x00007FF88B2E656D	NULL (NULL:0) (mshtml:0x00007FF88B0F0000) ( 0x1c04c1a0, 0x0, 0x0, 0x0 ) 
0x00007FF88B2E52DC	NULL (NULL:0) (mshtml:0x00007FF88B0F0000) ( 0x1c04c1a0, 0x0, 0x0, 0x0 ) 
0x00007FF8C30F8364	NULL (NULL:0) (KERNEL32:0x00007FF8C30F0000) ( 0x0, 0x0, 0x0, 0x0 ) 

Thread 8136
=====================
0x00007FF8C57F6C24	NULL (NULL:0) (ntdll:0x00007FF8C5750000) ( 0xc6f0ef0, 0x1, 0x1000, 0x4 ) 
0x00007FF8C20DC2CF	NULL (NULL:0) (KERNELBASE:0x00007FF8C2090000) ( 0xc6cca70, 0xffffffff, 0xffffffff, 0x1 ) 
0x00007FF89440DD70	NULL (NULL:0) (jscript9:0x00007FF8943C0000) ( 0xc6cca60, 0xc674f50, 0x0, 0x0 ) 
0x00007FF8945148B8	NULL (NULL:0) (jscript9:0x00007FF8943C0000) ( 0xc6cca60, 0x0, 0x0, 0x0 ) 
0x00007FF8C2F6B2BA	NULL (NULL:0) (msvcrt:0x00007FF8C2F30000) ( 0xc2fc0670, 0xc674f50, 0x0, 0x0 ) 
0x00007FF8C2F6B38C	NULL (NULL:0) (msvcrt:0x00007FF8C2F30000) ( 0x0, 0x0, 0x0, 0x0 ) 
0x00007FF8C30F8364	NULL (NULL:0) (KERNEL32:0x00007FF8C30F0000) ( 0x0, 0x0, 0x0, 0x0 ) 

Thread 9904
=====================
0x00007FF8C57F6154	NULL (NULL:0) (ntdll:0x00007FF8C5750000) ( 0x5e, 0x21f5fe30, 0xc724df0, 0x94414aac ) 
0x00007FF8C20A75FF	NULL (NULL:0) (KERNELBASE:0x00007FF8C2090000) ( 0xc6e4b88, 0x800, 0x0, 0xc18 ) 
0x00007FF8944E39CF	NULL (NULL:0) (jscript9:0x00007FF8943C0000) ( 0xc6e4b88, 0xffffffff, 0xc6e4b88, 0x947e6fe0 ) 
0x00007FF8944E33D4	NULL (NULL:0) (jscript9:0x00007FF8943C0000) ( 0xc6e4a70, 0xc6e4a70, 0x0, 0x0 ) 
0x00007FF8944E2A99	NULL (NULL:0) (jscript9:0x00007FF8943C0000) ( 0xc6e4a70, 0x0, 0x0, 0x0 ) 
0x00007FF8C2F6B2BA	NULL (NULL:0) (msvcrt:0x00007FF8C2F30000) ( 0xc2fc0670, 0xc6743d0, 0x0, 0x0 ) 
0x00007FF8C2F6B38C	NULL (NULL:0) (msvcrt:0x00007FF8C2F30000) ( 0x0, 0x0, 0x0, 0x0 ) 
0x00007FF8C30F8364	NULL (NULL:0) (KERNEL32:0x00007FF8C30F0000) ( 0x0, 0x0, 0x0, 0x0 ) 

Thread 5716
=====================
0x00007FF8C1FA1164	NULL (NULL:0) (win32u:0x00007FF8C1FA0000) ( 0x0, 0x0, 0x0, 0x0 ) 
0x00007FF8C4A3E8F5	NULL (NULL:0) (USER32:0x00007FF8C4A20000) ( 0x1, 0xc2078000, 0x0, 0xc2078000 ) 
0x00007FF8C2063214	NULL (NULL:0) (WINMM:0x00007FF8C2060000) ( 0x0, 0x0, 0x0, 0x0 ) 
0x00007FF8C30F8364	NULL (NULL:0) (KERNEL32:0x00007FF8C30F0000) ( 0x0, 0x0, 0x0, 0x0 ) 

Thread 13324
=====================
0x00007FF8C57F98A4	NULL (NULL:0) (ntdll:0x00007FF8C5750000) ( 0x0, 0x2c1000, 0x0, 0x0 ) 
0x00007FF8C578352E	NULL (NULL:0) (ntdll:0x00007FF8C5750000) ( 0x0, 0x0, 0x0, 0x0 ) 
0x00007FF8C30F8364	NULL (NULL:0) (KERNEL32:0x00007FF8C30F0000) ( 0x0, 0x0, 0x0, 0x0 ) 

Thread 5780
=====================
0x00007FF8C57F6C24	NULL (NULL:0) (ntdll:0x00007FF8C5750000) ( 0x0, 0x0, 0x0, 0x0 ) 
0x00007FF8C20DC2CF	NULL (NULL:0) (KERNELBASE:0x00007FF8C2090000) ( 0x0, 0x0, 0x1fea3230, 0x1fe54460 ) 
0x00007FF8C20DC1CE	NULL (NULL:0) (KERNELBASE:0x00007FF8C2090000) ( 0x0, 0x8d1af170, 0x1000, 0x8d302f60 ) 
0x00007FF88CEE1475	NULL (NULL:0) (nvwgf2umx:0x00007FF88C7A0000) ( 0x1fea3230, 0x1fe54460, 0x1fe54460, 0x0 ) 
0x00007FF88CF04EAA	NULL (NULL:0) (nvwgf2umx:0x00007FF88C7A0000) ( 0x8d502c40, 0x0, 0x0, 0x0 ) 
0x00007FF88D2DDB77	NULL (NULL:0) (nvwgf2umx:0x00007FF88C7A0000) ( 0x8d502630, 0x0, 0x0, 0x0 ) 
0x00007FF88D2DDD1E	NULL (NULL:0) (nvwgf2umx:0x00007FF88C7A0000) ( 0x0, 0x0, 0x0, 0x0 ) 
0x00007FF8C30F8364	NULL (NULL:0) (KERNEL32:0x00007FF8C30F0000) ( 0x0, 0x0, 0x0, 0x0 ) 

Thread 7908
=====================
0x00007FF8C57F6C24	NULL (NULL:0) (ntdll:0x00007FF8C5750000) ( 0x4d9c3b7c, 0x9f, 0x0, 0xbabe ) 
0x00007FF8C20DC2CF	NULL (NULL:0) (KERNELBASE:0x00007FF8C2090000) ( 0x2669fdd0, 0x2669fcd0, 0x2669fca0, 0x1 ) 
0x00007FF8C4A3E1FB	NULL (NULL:0) (USER32:0x00007FF8C4A20000) ( 0x2669fdd0, 0xc4e172f7, 0x2669fdd0, 0x1 ) 
0x00007FF8C4E1750D	NULL (NULL:0) (combase:0x00007FF8C4DD0000) ( 0x80010115, 0x80010115, 0xb24c060, 0x1 ) 
0x00007FF8C4E93C5F	NULL (NULL:0) (combase:0x00007FF8C4DD0000) ( 0x0, 0x8b1bccf0, 0x1c0fc800, 0xb24c000 ) 
0x00007FF8C4E4EBA3	NULL (NULL:0) (combase:0x00007FF8C4DD0000) ( 0xb24c000, 0x0, 0x0, 0x0 ) 
0x00007FF88B1BCC29	NULL (NULL:0) (mshtml:0x00007FF88B0F0000) ( 0x0, 0xb24c000, 0x0, 0x0 ) 
0x00007FF88B1D1EF8	NULL (NULL:0) (mshtml:0x00007FF88B0F0000) ( 0x0, 0x8b0f0000, 0x0, 0x0 ) 
0x00007FF8C30F8364	NULL (NULL:0) (KERNEL32:0x00007FF8C30F0000) ( 0x0, 0x0, 0x0, 0x0 ) 

Thread 3632
=====================
0x00007FF8C57F6C24	NULL (NULL:0) (ntdll:0x00007FF8C5750000) ( 0x4c973b7c, 0x128, 0x0, 0xbabe ) 
0x00007FF8C20DC2CF	NULL (NULL:0) (KERNELBASE:0x00007FF8C2090000) ( 0x2762fdd0, 0x2762fcd0, 0x2762fca0, 0x1 ) 
0x00007FF8C4A3E1FB	NULL (NULL:0) (USER32:0x00007FF8C4A20000) ( 0x2762fdd0, 0xc4e172f7, 0x2762fdd0, 0x1 ) 
0x00007FF8C4E1750D	NULL (NULL:0) (combase:0x00007FF8C4DD0000) ( 0x80010115, 0x80010115, 0xb24c270, 0x1 ) 
0x00007FF8C4E93C5F	NULL (NULL:0) (combase:0x00007FF8C4DD0000) ( 0x0, 0x8b1bccf0, 0x1c0fc200, 0xb24c210 ) 
0x00007FF8C4E4EBA3	NULL (NULL:0) (combase:0x00007FF8C4DD0000) ( 0xb24c210, 0x0, 0x0, 0x0 ) 
0x00007FF88B1BCC29	NULL (NULL:0) (mshtml:0x00007FF88B0F0000) ( 0x0, 0xb24c210, 0x0, 0x0 ) 
0x00007FF88B1D1EF8	NULL (NULL:0) (mshtml:0x00007FF88B0F0000) ( 0x0, 0x8b0f0000, 0x0, 0x0 ) 
0x00007FF8C30F8364	NULL (NULL:0) (KERNEL32:0x00007FF8C30F0000) ( 0x0, 0x0, 0x0, 0x0 ) 

Thread 12924
=====================
0x00007FF8C57F6C24	NULL (NULL:0) (ntdll:0x00007FF8C5750000) ( 0x0, 0x0, 0x0, 0x0 ) 
0x00007FF8C20DC2CF	NULL (NULL:0) (KERNELBASE:0x00007FF8C2090000) ( 0x0, 0x0, 0x20047560, 0x2abf5d20 ) 
0x00007FF8C20DC1CE	NULL (NULL:0) (KERNELBASE:0x00007FF8C2090000) ( 0x0, 0x8d1af170, 0x1000, 0x8d302f60 ) 
0x00007FF88CEE1475	NULL (NULL:0) (nvwgf2umx:0x00007FF88C7A0000) ( 0x20047560, 0x2abf5d20, 0x2abf5d20, 0x0 ) 
0x00007FF88CF04EAA	NULL (NULL:0) (nvwgf2umx:0x00007FF88C7A0000) ( 0x8d502c40, 0x0, 0x0, 0x0 ) 
0x00007FF88D2DDB77	NULL (NULL:0) (nvwgf2umx:0x00007FF88C7A0000) ( 0x8d502630, 0x0, 0x0, 0x0 ) 
0x00007FF88D2DDD1E	NULL (NULL:0) (nvwgf2umx:0x00007FF88C7A0000) ( 0x0, 0x0, 0x0, 0x0 ) 
0x00007FF8C30F8364	NULL (NULL:0) (KERNEL32:0x00007FF8C30F0000) ( 0x0, 0x0, 0x0, 0x0 ) 

Thread 14088
=====================
0x00007FF8C57F6C24	NULL (NULL:0) (ntdll:0x00007FF8C5750000) ( 0x0, 0x0, 0x0, 0x0 ) 
0x00007FF8C20DC2CF	NULL (NULL:0) (KERNELBASE:0x00007FF8C2090000) ( 0x0, 0x0, 0x200476a0, 0x2abfb3d0 ) 
0x00007FF8C20DC1CE	NULL (NULL:0) (KERNELBASE:0x00007FF8C2090000) ( 0x0, 0x8d1af170, 0x1000, 0x8d302f60 ) 
0x00007FF88CEE1475	NULL (NULL:0) (nvwgf2umx:0x00007FF88C7A0000) ( 0x200476a0, 0x2abfb3d0, 0x2abfb3d0, 0x0 ) 
0x00007FF88CF04EAA	NULL (NULL:0) (nvwgf2umx:0x00007FF88C7A0000) ( 0x8d502c40, 0x0, 0x0, 0x0 ) 
0x00007FF88D2DDB77	NULL (NULL:0) (nvwgf2umx:0x00007FF88C7A0000) ( 0x8d502630, 0x0, 0x0, 0x0 ) 
0x00007FF88D2DDD1E	NULL (NULL:0) (nvwgf2umx:0x00007FF88C7A0000) ( 0x0, 0x0, 0x0, 0x0 ) 
0x00007FF8C30F8364	NULL (NULL:0) (KERNEL32:0x00007FF8C30F0000) ( 0x0, 0x0, 0x0, 0x0 ) 

Thread 244
=====================
0x00007FF8C57F6754	NULL (NULL:0) (ntdll:0x00007FF8C5750000) ( 0x2c29fdf8, 0x2c29fdc0, 0xff8, 0x0 ) 
0x00007FF8C20DC4A7	NULL (NULL:0) (KERNELBASE:0x00007FF8C2090000) ( 0x327bdf0, 0x0, 0x0, 0x0 ) 
0x000000014039164B	NULL (NULL:0) (xtop:0x0000000140000000) ( 0x327bd01, 0x0, 0x0, 0x3274180 ) 
0x0000000140391F04	NULL (NULL:0) (xtop:0x0000000140000000) ( 0x4c23c8e0, 0x0, 0x0, 0x4c21be90 ) 
0x00000001402BC3B3	NULL (NULL:0) (xtop:0x0000000140000000) ( 0x0, 0x0, 0x2dd5c50, 0x7fffffff ) 
0x0000000140448F7B	NULL (NULL:0) (xtop:0x0000000140000000) ( 0x10f85b90, 0x0, 0x0, 0x0 ) 
0x000000014044902F	NULL (NULL:0) (xtop:0x0000000140000000) ( 0x0, 0x0, 0x0, 0x0 ) 
0x00007FF8C30F8364	NULL (NULL:0) (KERNEL32:0x00007FF8C30F0000) ( 0x0, 0x0, 0x0, 0x0 ) 

Thread 316
=====================
0x00007FF8C57F6C24	NULL (NULL:0) (ntdll:0x00007FF8C5750000) ( 0x0, 0x0, 0x0, 0x0 ) 
0x00007FF8C20DC2CF	NULL (NULL:0) (KERNELBASE:0x00007FF8C2090000) ( 0x0, 0x0, 0x1ff19050, 0x2af62860 ) 
0x00007FF8C20DC1CE	NULL (NULL:0) (KERNELBASE:0x00007FF8C2090000) ( 0x0, 0x8d1af170, 0x1000, 0x8d302f60 ) 
0x00007FF88CEE1475	NULL (NULL:0) (nvwgf2umx:0x00007FF88C7A0000) ( 0x1ff19050, 0x2af62860, 0x2af62860, 0x0 ) 
0x00007FF88CF04EAA	NULL (NULL:0) (nvwgf2umx:0x00007FF88C7A0000) ( 0x8d502c40, 0x0, 0x0, 0x0 ) 
0x00007FF88D2DDB77	NULL (NULL:0) (nvwgf2umx:0x00007FF88C7A0000) ( 0x8d502630, 0x0, 0x0, 0x0 ) 
0x00007FF88D2DDD1E	NULL (NULL:0) (nvwgf2umx:0x00007FF88C7A0000) ( 0x0, 0x0, 0x0, 0x0 ) 
0x00007FF8C30F8364	NULL (NULL:0) (KERNEL32:0x00007FF8C30F0000) ( 0x0, 0x0, 0x0, 0x0 ) 

Thread 12592
=====================
0x00007FF8C57F6754	NULL (NULL:0) (ntdll:0x00007FF8C5750000) ( 0x2e21fdf8, 0x2e21fdc0, 0xff8, 0x0 ) 
0x00007FF8C20DC4A7	NULL (NULL:0) (KERNELBASE:0x00007FF8C2090000) ( 0x327c660, 0x0, 0x0, 0x0 ) 
0x000000014039164B	NULL (NULL:0) (xtop:0x0000000140000000) ( 0x327c601, 0x0, 0x0, 0x3274360 ) 
0x0000000140391F04	NULL (NULL:0) (xtop:0x0000000140000000) ( 0x4c23c7c0, 0x7fffffff, 0x0, 0x4c21be90 ) 
0x00000001402BC3B3	NULL (NULL:0) (xtop:0x0000000140000000) ( 0x0, 0x0, 0x2dd61d0, 0x7fffffff ) 
0x0000000140448F7B	NULL (NULL:0) (xtop:0x0000000140000000) ( 0x10d2aa00, 0x0, 0x0, 0x0 ) 
0x000000014044902F	NULL (NULL:0) (xtop:0x0000000140000000) ( 0x0, 0x0, 0x0, 0x0 ) 
0x00007FF8C30F8364	NULL (NULL:0) (KERNEL32:0x00007FF8C30F0000) ( 0x0, 0x0, 0x0, 0x0 ) 

Thread 11536
=====================
0x00007FF8C57F6C24	NULL (NULL:0) (ntdll:0x00007FF8C5750000) ( 0x0, 0x0, 0x0, 0x0 ) 
0x00007FF8C20DC2CF	NULL (NULL:0) (KERNELBASE:0x00007FF8C2090000) ( 0x0, 0x0, 0x1ff19690, 0x2af67a80 ) 
0x00007FF8C20DC1CE	NULL (NULL:0) (KERNELBASE:0x00007FF8C2090000) ( 0x0, 0x8d1af170, 0x1000, 0x8d302f60 ) 
0x00007FF88CEE1475	NULL (NULL:0) (nvwgf2umx:0x00007FF88C7A0000) ( 0x1ff19690, 0x2af67a80, 0x2af67a80, 0x0 ) 
0x00007FF88CF04EAA	NULL (NULL:0) (nvwgf2umx:0x00007FF88C7A0000) ( 0x8d502c40, 0x0, 0x0, 0x0 ) 
0x00007FF88D2DDB77	NULL (NULL:0) (nvwgf2umx:0x00007FF88C7A0000) ( 0x8d502630, 0x0, 0x0, 0x0 ) 
0x00007FF88D2DDD1E	NULL (NULL:0) (nvwgf2umx:0x00007FF88C7A0000) ( 0x0, 0x0, 0x0, 0x0 ) 
0x00007FF8C30F8364	NULL (NULL:0) (KERNEL32:0x00007FF8C30F0000) ( 0x0, 0x0, 0x0, 0x0 ) 

Thread 1592
=====================
0x00007FF8C57F6754	NULL (NULL:0) (ntdll:0x00007FF8C5750000) ( 0x2f5cfdf8, 0x2f5cfdc0, 0xff8, 0x0 ) 
0x00007FF8C20DC4A7	NULL (NULL:0) (KERNELBASE:0x00007FF8C2090000) ( 0x327c5d0, 0x0, 0x0, 0x0 ) 
0x000000014039164B	NULL (NULL:0) (xtop:0x0000000140000000) ( 0x327c501, 0x0, 0x0, 0x32796a0 ) 
0x0000000140391F04	NULL (NULL:0) (xtop:0x0000000140000000) ( 0x4c23c850, 0x7fffffff, 0x0, 0x17305d80 ) 
0x00000001402BC3B3	NULL (NULL:0) (xtop:0x0000000140000000) ( 0x0, 0x0, 0x2dd4750, 0x7fffffff ) 
0x0000000140448F7B	NULL (NULL:0) (xtop:0x0000000140000000) ( 0x178a5e60, 0x0, 0x0, 0x0 ) 
0x000000014044902F	NULL (NULL:0) (xtop:0x0000000140000000) ( 0x0, 0x0, 0x0, 0x0 ) 
0x00007FF8C30F8364	NULL (NULL:0) (KERNEL32:0x00007FF8C30F0000) ( 0x0, 0x0, 0x0, 0x0 ) 

Thread 10864
=====================
0x00007FF8C57F6754	NULL (NULL:0) (ntdll:0x00007FF8C5750000) ( 0x2fd7fd38, 0x408c1e59, 0x10f63b40, 0x2 ) 
0x00007FF8C20DC4A7	NULL (NULL:0) (KERNELBASE:0x00007FF8C2090000) ( 0x4cd70580, 0x0, 0x0, 0x0 ) 
0x00000001402B7018	NULL (NULL:0) (xtop:0x0000000140000000) ( 0x4cd70580, 0x0, 0x0, 0x0 ) 
0x00000001462E9E44	NULL (NULL:0) (xtop:0x0000000140000000) ( 0x0, 0x7fffffff, 0x2b08a890, 0x408c2a03 ) 
0x00000001408C2501	NULL (NULL:0) (xtop:0x0000000140000000) ( 0x173046d0, 0x173046d0, 0x0, 0x0 ) 
0x00000001402BC3B3	NULL (NULL:0) (xtop:0x0000000140000000) ( 0x0, 0x0, 0x2dd5350, 0x0 ) 
0x0000000140448F7B	NULL (NULL:0) (xtop:0x0000000140000000) ( 0x6480480, 0x0, 0x0, 0x0 ) 
0x000000014044902F	NULL (NULL:0) (xtop:0x0000000140000000) ( 0x0, 0x0, 0x0, 0x0 ) 
0x00007FF8C30F8364	NULL (NULL:0) (KERNEL32:0x00007FF8C30F0000) ( 0x0, 0x0, 0x0, 0x0 ) 

Thread 6248
=====================
0x00007FF8C57F6C24	NULL (NULL:0) (ntdll:0x00007FF8C5750000) ( 0x0, 0x0, 0x0, 0x0 ) 
0x00007FF8C20DC2CF	NULL (NULL:0) (KERNELBASE:0x00007FF8C2090000) ( 0x0, 0x0, 0x2b542ec0, 0x2b40b970 ) 
0x00007FF8C20DC1CE	NULL (NULL:0) (KERNELBASE:0x00007FF8C2090000) ( 0x0, 0x8d1af170, 0x1000, 0x8d302f60 ) 
0x00007FF88CEE1475	NULL (NULL:0) (nvwgf2umx:0x00007FF88C7A0000) ( 0x2b542ec0, 0x2b40b970, 0x2b40b970, 0x0 ) 
0x00007FF88CF04EAA	NULL (NULL:0) (nvwgf2umx:0x00007FF88C7A0000) ( 0x8d502c40, 0x0, 0x0, 0x0 ) 
0x00007FF88D2DDB77	NULL (NULL:0) (nvwgf2umx:0x00007FF88C7A0000) ( 0x8d502630, 0x0, 0x0, 0x0 ) 
0x00007FF88D2DDD1E	NULL (NULL:0) (nvwgf2umx:0x00007FF88C7A0000) ( 0x0, 0x0, 0x0, 0x0 ) 
0x00007FF8C30F8364	NULL (NULL:0) (KERNEL32:0x00007FF8C30F0000) ( 0x0, 0x0, 0x0, 0x0 ) 

Thread 10932
=====================
0x00007FF8C57F6C24	NULL (NULL:0) (ntdll:0x00007FF8C5750000) ( 0x0, 0x0, 0x0, 0x0 ) 
0x00007FF8C20DC2CF	NULL (NULL:0) (KERNELBASE:0x00007FF8C2090000) ( 0x0, 0x0, 0x2b542970, 0x2b4094f0 ) 
0x00007FF8C20DC1CE	NULL (NULL:0) (KERNELBASE:0x00007FF8C2090000) ( 0x0, 0x8d1af170, 0x1000, 0x8d302f60 ) 
0x00007FF88CEE1475	NULL (NULL:0) (nvwgf2umx:0x00007FF88C7A0000) ( 0x2b542970, 0x2b4094f0, 0x2b4094f0, 0x0 ) 
0x00007FF88CF04EAA	NULL (NULL:0) (nvwgf2umx:0x00007FF88C7A0000) ( 0x8d502c40, 0x0, 0x0, 0x0 ) 
0x00007FF88D2DDB77	NULL (NULL:0) (nvwgf2umx:0x00007FF88C7A0000) ( 0x8d502630, 0x0, 0x0, 0x0 ) 
0x00007FF88D2DDD1E	NULL (NULL:0) (nvwgf2umx:0x00007FF88C7A0000) ( 0x0, 0x0, 0x0, 0x0 ) 
0x00007FF8C30F8364	NULL (NULL:0) (KERNEL32:0x00007FF8C30F0000) ( 0x0, 0x0, 0x0, 0x0 ) 

Thread 13720
=====================
0x00007FF8C57F6C24	NULL (NULL:0) (ntdll:0x00007FF8C5750000) ( 0x0, 0x0, 0x0, 0x0 ) 
0x00007FF8C20DC2CF	NULL (NULL:0) (KERNELBASE:0x00007FF8C2090000) ( 0x0, 0x0, 0x2b9ca010, 0x2039b0a0 ) 
0x00007FF8C20DC1CE	NULL (NULL:0) (KERNELBASE:0x00007FF8C2090000) ( 0x0, 0x8d1af170, 0x1000, 0x8d302f60 ) 
0x00007FF88CEE1475	NULL (NULL:0) (nvwgf2umx:0x00007FF88C7A0000) ( 0x2b9ca010, 0x2039b0a0, 0x2039b0a0, 0x0 ) 
0x00007FF88CF04EAA	NULL (NULL:0) (nvwgf2umx:0x00007FF88C7A0000) ( 0x8d502c40, 0x0, 0x0, 0x0 ) 
0x00007FF88D2DDB77	NULL (NULL:0) (nvwgf2umx:0x00007FF88C7A0000) ( 0x8d502630, 0x0, 0x0, 0x0 ) 
0x00007FF88D2DDD1E	NULL (NULL:0) (nvwgf2umx:0x00007FF88C7A0000) ( 0x0, 0x0, 0x0, 0x0 ) 
0x00007FF8C30F8364	NULL (NULL:0) (KERNEL32:0x00007FF8C30F0000) ( 0x0, 0x0, 0x0, 0x0 ) 

Thread 12116
=====================
0x00007FF8C57F6C24	NULL (NULL:0) (ntdll:0x00007FF8C5750000) ( 0x0, 0x0, 0x0, 0x0 ) 
0x00007FF8C20DC2CF	NULL (NULL:0) (KERNELBASE:0x00007FF8C2090000) ( 0x0, 0x0, 0x2b9c9e30, 0x2039f080 ) 
0x00007FF8C20DC1CE	NULL (NULL:0) (KERNELBASE:0x00007FF8C2090000) ( 0x0, 0x8d1af170, 0x1000, 0x8d302f60 ) 
0x00007FF88CEE1475	NULL (NULL:0) (nvwgf2umx:0x00007FF88C7A0000) ( 0x2b9c9e30, 0x2039f080, 0x2039f080, 0x0 ) 
0x00007FF88CF04EAA	NULL (NULL:0) (nvwgf2umx:0x00007FF88C7A0000) ( 0x8d502c40, 0x0, 0x0, 0x0 ) 
0x00007FF88D2DDB77	NULL (NULL:0) (nvwgf2umx:0x00007FF88C7A0000) ( 0x8d502630, 0x0, 0x0, 0x0 ) 
0x00007FF88D2DDD1E	NULL (NULL:0) (nvwgf2umx:0x00007FF88C7A0000) ( 0x0, 0x0, 0x0, 0x0 ) 
0x00007FF8C30F8364	NULL (NULL:0) (KERNEL32:0x00007FF8C30F0000) ( 0x0, 0x0, 0x0, 0x0 ) 

Thread 3988
=====================
0x00007FF8C57F6C24	NULL (NULL:0) (ntdll:0x00007FF8C5750000) ( 0x0, 0x0, 0x0, 0x0 ) 
0x00007FF8C20DC2CF	NULL (NULL:0) (KERNELBASE:0x00007FF8C2090000) ( 0x0, 0x0, 0x3512aba0, 0x20160710 ) 
0x00007FF8C20DC1CE	NULL (NULL:0) (KERNELBASE:0x00007FF8C2090000) ( 0x0, 0x8d1af170, 0x1000, 0x8d302f60 ) 
0x00007FF88CEE1475	NULL (NULL:0) (nvwgf2umx:0x00007FF88C7A0000) ( 0x3512aba0, 0x20160710, 0x20160710, 0x0 ) 
0x00007FF88CF04EAA	NULL (NULL:0) (nvwgf2umx:0x00007FF88C7A0000) ( 0x8d502c40, 0x0, 0x0, 0x0 ) 
0x00007FF88D2DDB77	NULL (NULL:0) (nvwgf2umx:0x00007FF88C7A0000) ( 0x8d502630, 0x0, 0x0, 0x0 ) 
0x00007FF88D2DDD1E	NULL (NULL:0) (nvwgf2umx:0x00007FF88C7A0000) ( 0x0, 0x0, 0x0, 0x0 ) 
0x00007FF8C30F8364	NULL (NULL:0) (KERNEL32:0x00007FF8C30F0000) ( 0x0, 0x0, 0x0, 0x0 ) 

Thread 7356
=====================
0x00007FF8C57F6C24	NULL (NULL:0) (ntdll:0x00007FF8C5750000) ( 0x0, 0x0, 0x0, 0x0 ) 
0x00007FF8C20DC2CF	NULL (NULL:0) (KERNELBASE:0x00007FF8C2090000) ( 0x0, 0x0, 0x3512a2e0, 0x2015c2a0 ) 
0x00007FF8C20DC1CE	NULL (NULL:0) (KERNELBASE:0x00007FF8C2090000) ( 0x0, 0x8d1af170, 0x1000, 0x8d302f60 ) 
0x00007FF88CEE1475	NULL (NULL:0) (nvwgf2umx:0x00007FF88C7A0000) ( 0x3512a2e0, 0x2015c2a0, 0x2015c2a0, 0x0 ) 
0x00007FF88CF04EAA	NULL (NULL:0) (nvwgf2umx:0x00007FF88C7A0000) ( 0x8d502c40, 0x0, 0x0, 0x0 ) 
0x00007FF88D2DDB77	NULL (NULL:0) (nvwgf2umx:0x00007FF88C7A0000) ( 0x8d502630, 0x0, 0x0, 0x0 ) 
0x00007FF88D2DDD1E	NULL (NULL:0) (nvwgf2umx:0x00007FF88C7A0000) ( 0x0, 0x0, 0x0, 0x0 ) 
0x00007FF8C30F8364	NULL (NULL:0) (KERNEL32:0x00007FF8C30F0000) ( 0x0, 0x0, 0x0, 0x0 ) 

Thread 12148
=====================
0x00007FF8C57F6C24	NULL (NULL:0) (ntdll:0x00007FF8C5750000) ( 0x0, 0x0, 0x0, 0x0 ) 
0x00007FF8C20DC2CF	NULL (NULL:0) (KERNELBASE:0x00007FF8C2090000) ( 0x0, 0x0, 0x3512de90, 0x1feefcc0 ) 
0x00007FF8C20DC1CE	NULL (NULL:0) (KERNELBASE:0x00007FF8C2090000) ( 0x0, 0x8d1af170, 0x1000, 0x8d302f60 ) 
0x00007FF88CEE1475	NULL (NULL:0) (nvwgf2umx:0x00007FF88C7A0000) ( 0x3512de90, 0x1feefcc0, 0x1feefcc0, 0x0 ) 
0x00007FF88CF04EAA	NULL (NULL:0) (nvwgf2umx:0x00007FF88C7A0000) ( 0x8d502c40, 0x0, 0x0, 0x0 ) 
0x00007FF88D2DDB77	NULL (NULL:0) (nvwgf2umx:0x00007FF88C7A0000) ( 0x8d502630, 0x0, 0x0, 0x0 ) 
0x00007FF88D2DDD1E	NULL (NULL:0) (nvwgf2umx:0x00007FF88C7A0000) ( 0x0, 0x0, 0x0, 0x0 ) 
0x00007FF8C30F8364	NULL (NULL:0) (KERNEL32:0x00007FF8C30F0000) ( 0x0, 0x0, 0x0, 0x0 ) 

Thread 13268
=====================
0x00007FF8C57F6C24	NULL (NULL:0) (ntdll:0x00007FF8C5750000) ( 0x36eff8c0, 0xc4a2eb52, 0x0, 0xc577a296 ) 
0x00007FF8C20DC2CF	NULL (NULL:0) (KERNELBASE:0x00007FF8C2090000) ( 0x354dad40, 0xa7cbcaa6, 0x36effb00, 0x4 ) 
0x00007FF8C4A43AF8	NULL (NULL:0) (USER32:0x00007FF8C4A20000) ( 0x1ff51b68, 0x0, 0x40000024, 0x0 ) 
0x00007FF8A7CBBE55	NULL (NULL:0) (DUser:0x00007FF8A7CB0000) ( 0x0, 0x36effd08, 0x0, 0x0 ) 
0x00007FF8A7CBBB02	NULL (NULL:0) (DUser:0x00007FF8A7CB0000) ( 0x0, 0x0, 0x36effec9, 0xffffffff ) 
0x00007FF8C4A46434	NULL (NULL:0) (USER32:0x00007FF8C4A20000) ( 0x0, 0xe3006fc7, 0x0, 0x9b1381c0 ) 
0x00007FF8C57F9C54	NULL (NULL:0) (ntdll:0x00007FF8C5750000) ( 0xc4a44866, 0x351267d0, 0xcdac30, 0x0 ) 
0x00007FF8C1FA1164	NULL (NULL:0) (win32u:0x00007FF8C1FA0000) ( 0x351267d0, 0xcdac30, 0x0, 0x0 ) 
0x00007FF8C4A44866	NULL (NULL:0) (USER32:0x00007FF8C4A20000) ( 0x36effe20, 0xcdac00, 0x3523d168, 0x0 ) 
0x00007FF89B1801AF	NULL (NULL:0) (DUI70:0x00007FF89B0F0000) ( 0x0, 0xabcdef42, 0x36effec9, 0x0 ) 
0x00007FF89BD7E7C9	NULL (NULL:0) (msctfuimanager:0x00007FF89BD70000) ( 0xcdac30, 0x35143850, 0x0, 0x0 ) 
0x00007FF89BD7E89C	NULL (NULL:0) (msctfuimanager:0x00007FF89BD70000) ( 0x9bd70000, 0xcdac30, 0x0, 0x0 ) 
0x00007FF8C30F8364	NULL (NULL:0) (KERNEL32:0x00007FF8C30F0000) ( 0x0, 0x0, 0x0, 0x0 ) 

Thread 14444
=====================
0x00007FF8C57F6C24	NULL (NULL:0) (ntdll:0x00007FF8C5750000) ( 0x0, 0x0, 0x0, 0x0 ) 
0x00007FF8C20DC2CF	NULL (NULL:0) (KERNELBASE:0x00007FF8C2090000) ( 0x354d7a40, 0xa7cbcaa6, 0x376afcd0, 0x1 ) 
0x00007FF8C4A3E1FB	NULL (NULL:0) (USER32:0x00007FF8C4A20000) ( 0x1ff51ae8, 0xa7d1b280, 0x1ff51a80, 0xa7cb5ee7 ) 
0x00007FF8A7CBBFFC	NULL (NULL:0) (DUser:0x00007FF8A7CB0000) ( 0x0, 0x376afeb8, 0x0, 0x0 ) 
0x00007FF8A7CCDDD7	NULL (NULL:0) (DUser:0x00007FF8A7CB0000) ( 0x0, 0x376afef0, 0x1, 0x0 ) 
0x00007FF8A7CCC023	NULL (NULL:0) (DUser:0x00007FF8A7CB0000) ( 0x281dff80, 0x1ff51a80, 0x0, 0x0 ) 
0x00007FF8C2F6B2BA	NULL (NULL:0) (msvcrt:0x00007FF8C2F30000) ( 0xc2fc0670, 0x281dff80, 0x0, 0x0 ) 
0x00007FF8C2F6B38C	NULL (NULL:0) (msvcrt:0x00007FF8C2F30000) ( 0x0, 0x0, 0x0, 0x0 ) 
0x00007FF8C30F8364	NULL (NULL:0) (KERNEL32:0x00007FF8C30F0000) ( 0x0, 0x0, 0x0, 0x0 ) 

Thread 13640
=====================
0x00007FF8C57F6C24	NULL (NULL:0) (ntdll:0x00007FF8C5750000) ( 0x0, 0x0, 0x0, 0x0 ) 
0x00007FF8C20DC2CF	NULL (NULL:0) (KERNELBASE:0x00007FF8C2090000) ( 0x0, 0x0, 0x3512de40, 0x354f42f0 ) 
0x00007FF8C20DC1CE	NULL (NULL:0) (KERNELBASE:0x00007FF8C2090000) ( 0x0, 0x8d1af170, 0x1000, 0x8d302f60 ) 
0x00007FF88CEE1475	NULL (NULL:0) (nvwgf2umx:0x00007FF88C7A0000) ( 0x3512de40, 0x354f42f0, 0x354f42f0, 0x0 ) 
0x00007FF88CF04EAA	NULL (NULL:0) (nvwgf2umx:0x00007FF88C7A0000) ( 0x8d502c40, 0x0, 0x0, 0x0 ) 
0x00007FF88D2DDB77	NULL (NULL:0) (nvwgf2umx:0x00007FF88C7A0000) ( 0x8d502630, 0x0, 0x0, 0x0 ) 
0x00007FF88D2DDD1E	NULL (NULL:0) (nvwgf2umx:0x00007FF88C7A0000) ( 0x0, 0x0, 0x0, 0x0 ) 
0x00007FF8C30F8364	NULL (NULL:0) (KERNEL32:0x00007FF8C30F0000) ( 0x0, 0x0, 0x0, 0x0 ) 

Thread 11732
=====================
0x00007FF8C57F6C24	NULL (NULL:0) (ntdll:0x00007FF8C5750000) ( 0x0, 0x0, 0x0, 0x0 ) 
0x00007FF8C20DC2CF	NULL (NULL:0) (KERNELBASE:0x00007FF8C2090000) ( 0x0, 0x0, 0x35128030, 0x2b407500 ) 
0x00007FF8C20DC1CE	NULL (NULL:0) (KERNELBASE:0x00007FF8C2090000) ( 0x0, 0x8d1af170, 0x1000, 0x8d302f60 ) 
0x00007FF88CEE1475	NULL (NULL:0) (nvwgf2umx:0x00007FF88C7A0000) ( 0x35128030, 0x2b407500, 0x2b407500, 0x0 ) 
0x00007FF88CF04EAA	NULL (NULL:0) (nvwgf2umx:0x00007FF88C7A0000) ( 0x8d502c40, 0x0, 0x0, 0x0 ) 
0x00007FF88D2DDB77	NULL (NULL:0) (nvwgf2umx:0x00007FF88C7A0000) ( 0x8d502630, 0x0, 0x0, 0x0 ) 
0x00007FF88D2DDD1E	NULL (NULL:0) (nvwgf2umx:0x00007FF88C7A0000) ( 0x0, 0x0, 0x0, 0x0 ) 
0x00007FF8C30F8364	NULL (NULL:0) (KERNEL32:0x00007FF8C30F0000) ( 0x0, 0x0, 0x0, 0x0 ) 

Thread 6616
=====================
0x00007FF8C57F6C24	NULL (NULL:0) (ntdll:0x00007FF8C5750000) ( 0x0, 0x0, 0x0, 0x0 ) 
0x00007FF8C20DC2CF	NULL (NULL:0) (KERNELBASE:0x00007FF8C2090000) ( 0x0, 0x0, 0x3512a1a0, 0x354f3540 ) 
0x00007FF8C20DC1CE	NULL (NULL:0) (KERNELBASE:0x00007FF8C2090000) ( 0x0, 0x8d1af170, 0x1000, 0x8d302f60 ) 
0x00007FF88CEE1475	NULL (NULL:0) (nvwgf2umx:0x00007FF88C7A0000) ( 0x3512a1a0, 0x354f3540, 0x354f3540, 0x0 ) 
0x00007FF88CF04EAA	NULL (NULL:0) (nvwgf2umx:0x00007FF88C7A0000) ( 0x8d502c40, 0x0, 0x0, 0x0 ) 
0x00007FF88D2DDB77	NULL (NULL:0) (nvwgf2umx:0x00007FF88C7A0000) ( 0x8d502630, 0x0, 0x0, 0x0 ) 
0x00007FF88D2DDD1E	NULL (NULL:0) (nvwgf2umx:0x00007FF88C7A0000) ( 0x0, 0x0, 0x0, 0x0 ) 
0x00007FF8C30F8364	NULL (NULL:0) (KERNEL32:0x00007FF8C30F0000) ( 0x0, 0x0, 0x0, 0x0 ) 

Thread 7716
=====================
0x00007FF8C57F6154	NULL (NULL:0) (ntdll:0x00007FF8C5750000) ( 0x0, 0x0, 0x0, 0x0 ) 
0x00007FF8C20A75FF	NULL (NULL:0) (KERNELBASE:0x00007FF8C2090000) ( 0x4c21be90, 0x0, 0x0, 0x196c ) 
0x00000001402CFA72	NULL (NULL:0) (xtop:0x0000000140000000) ( 0xfffe7960, 0x4c21be90, 0x0, 0x0 ) 
0x00000001402BC3B3	NULL (NULL:0) (xtop:0x0000000140000000) ( 0x0, 0x0, 0x2dd45d0, 0x7fffffff ) 
0x0000000140448F7B	NULL (NULL:0) (xtop:0x0000000140000000) ( 0x17fefec0, 0x0, 0x0, 0x0 ) 
0x000000014044902F	NULL (NULL:0) (xtop:0x0000000140000000) ( 0x0, 0x0, 0x0, 0x0 ) 
0x00007FF8C30F8364	NULL (NULL:0) (KERNEL32:0x00007FF8C30F0000) ( 0x0, 0x0, 0x0, 0x0 ) 

Thread 8800
=====================
0x00007FF8C57F6754	NULL (NULL:0) (ntdll:0x00007FF8C5750000) ( 0x3d2efdc8, 0x40570019, 0x0, 0x0 ) 
0x00007FF8C20DC4A7	NULL (NULL:0) (KERNELBASE:0x00007FF8C2090000) ( 0xbadd10, 0x0, 0x0, 0x0 ) 
0x00000001402B7018	NULL (NULL:0) (xtop:0x0000000140000000) ( 0xbadd10, 0x0, 0x46cc5180, 0x0 ) 
0x0000000145A6B3D6	NULL (NULL:0) (xtop:0x0000000140000000) ( 0x4148c4a0, 0x3111fb90, 0x0, 0x408c2a03 ) 
0x00000001408C2501	NULL (NULL:0) (xtop:0x0000000140000000) ( 0x4c7d1658, 0x4c7d1658, 0x0, 0x0 ) 
0x00000001402BC3B3	NULL (NULL:0) (xtop:0x0000000140000000) ( 0x0, 0x0, 0x2dd62d0, 0x7fffffff ) 
0x0000000140448F7B	NULL (NULL:0) (xtop:0x0000000140000000) ( 0x305c2730, 0x0, 0x0, 0x0 ) 
0x000000014044902F	NULL (NULL:0) (xtop:0x0000000140000000) ( 0x0, 0x0, 0x0, 0x0 ) 
0x00007FF8C30F8364	NULL (NULL:0) (KERNEL32:0x00007FF8C30F0000) ( 0x0, 0x0, 0x0, 0x0 ) 

Thread 6020
=====================
0x00007FF8C57F6C24	NULL (NULL:0) (ntdll:0x00007FF8C5750000) ( 0x0, 0x0, 0x0, 0x0 ) 
0x00007FF8C20DC2CF	NULL (NULL:0) (KERNELBASE:0x00007FF8C2090000) ( 0x0, 0x0, 0x35858b20, 0x35b527e0 ) 
0x00007FF8C20DC1CE	NULL (NULL:0) (KERNELBASE:0x00007FF8C2090000) ( 0x0, 0x8d1af170, 0x1000, 0x8d302f60 ) 
0x00007FF88CEE1475	NULL (NULL:0) (nvwgf2umx:0x00007FF88C7A0000) ( 0x35858b20, 0x35b527e0, 0x35b527e0, 0x0 ) 
0x00007FF88CF04EAA	NULL (NULL:0) (nvwgf2umx:0x00007FF88C7A0000) ( 0x8d502c40, 0x0, 0x0, 0x0 ) 
0x00007FF88D2DDB77	NULL (NULL:0) (nvwgf2umx:0x00007FF88C7A0000) ( 0x8d502630, 0x0, 0x0, 0x0 ) 
0x00007FF88D2DDD1E	NULL (NULL:0) (nvwgf2umx:0x00007FF88C7A0000) ( 0x0, 0x0, 0x0, 0x0 ) 
0x00007FF8C30F8364	NULL (NULL:0) (KERNEL32:0x00007FF8C30F0000) ( 0x0, 0x0, 0x0, 0x0 ) 

Thread 15228
=====================
0x00007FF8C57F6C24	NULL (NULL:0) (ntdll:0x00007FF8C5750000) ( 0x0, 0x0, 0x0, 0x0 ) 
0x00007FF8C20DC2CF	NULL (NULL:0) (KERNELBASE:0x00007FF8C2090000) ( 0x0, 0x0, 0x35858e90, 0x35b527e0 ) 
0x00007FF8C20DC1CE	NULL (NULL:0) (KERNELBASE:0x00007FF8C2090000) ( 0x0, 0x8d1af170, 0x1000, 0x8d302f60 ) 
0x00007FF88CEE1475	NULL (NULL:0) (nvwgf2umx:0x00007FF88C7A0000) ( 0x35858e90, 0x35b527e0, 0x35b527e0, 0x0 ) 
0x00007FF88CF04EAA	NULL (NULL:0) (nvwgf2umx:0x00007FF88C7A0000) ( 0x8d502c40, 0x0, 0x0, 0x0 ) 
0x00007FF88D2DDB77	NULL (NULL:0) (nvwgf2umx:0x00007FF88C7A0000) ( 0x8d502630, 0x0, 0x0, 0x0 ) 
0x00007FF88D2DDD1E	NULL (NULL:0) (nvwgf2umx:0x00007FF88C7A0000) ( 0x0, 0x0, 0x0, 0x0 ) 
0x00007FF8C30F8364	NULL (NULL:0) (KERNEL32:0x00007FF8C30F0000) ( 0x0, 0x0, 0x0, 0x0 ) 

Thread 232
=====================
0x00007FF8C57F6C24	NULL (NULL:0) (ntdll:0x00007FF8C5750000) ( 0x0, 0x0, 0x0, 0x0 ) 
0x00007FF8C20DC2CF	NULL (NULL:0) (KERNELBASE:0x00007FF8C2090000) ( 0x0, 0x0, 0x358550b0, 0x2039c770 ) 
0x00007FF8C20DC1CE	NULL (NULL:0) (KERNELBASE:0x00007FF8C2090000) ( 0x0, 0x8d1af170, 0x1000, 0x8d302f60 ) 
0x00007FF88CEE1475	NULL (NULL:0) (nvwgf2umx:0x00007FF88C7A0000) ( 0x358550b0, 0x2039c770, 0x2039c770, 0x0 ) 
0x00007FF88CF04EAA	NULL (NULL:0) (nvwgf2umx:0x00007FF88C7A0000) ( 0x8d502c40, 0x0, 0x0, 0x0 ) 
0x00007FF88D2DDB77	NULL (NULL:0) (nvwgf2umx:0x00007FF88C7A0000) ( 0x8d502630, 0x0, 0x0, 0x0 ) 
0x00007FF88D2DDD1E	NULL (NULL:0) (nvwgf2umx:0x00007FF88C7A0000) ( 0x0, 0x0, 0x0, 0x0 ) 
0x00007FF8C30F8364	NULL (NULL:0) (KERNEL32:0x00007FF8C30F0000) ( 0x0, 0x0, 0x0, 0x0 ) 

Thread 15936
=====================
0x00007FF8C57F6C24	NULL (NULL:0) (ntdll:0x00007FF8C5750000) ( 0x0, 0x0, 0x0, 0x0 ) 
0x00007FF8C20DC2CF	NULL (NULL:0) (KERNELBASE:0x00007FF8C2090000) ( 0x0, 0x0, 0x358559c0, 0x2015c730 ) 
0x00007FF8C20DC1CE	NULL (NULL:0) (KERNELBASE:0x00007FF8C2090000) ( 0x0, 0x8d1af170, 0x1000, 0x8d302f60 ) 
0x00007FF88CEE1475	NULL (NULL:0) (nvwgf2umx:0x00007FF88C7A0000) ( 0x358559c0, 0x2015c730, 0x2015c730, 0x0 ) 
0x00007FF88CF04EAA	NULL (NULL:0) (nvwgf2umx:0x00007FF88C7A0000) ( 0x8d502c40, 0x0, 0x0, 0x0 ) 
0x00007FF88D2DDB77	NULL (NULL:0) (nvwgf2umx:0x00007FF88C7A0000) ( 0x8d502630, 0x0, 0x0, 0x0 ) 
0x00007FF88D2DDD1E	NULL (NULL:0) (nvwgf2umx:0x00007FF88C7A0000) ( 0x0, 0x0, 0x0, 0x0 ) 
0x00007FF8C30F8364	NULL (NULL:0) (KERNEL32:0x00007FF8C30F0000) ( 0x0, 0x0, 0x0, 0x0 ) 

Thread 3044
=====================
0x00007FF8C57F6C24	NULL (NULL:0) (ntdll:0x00007FF8C5750000) ( 0x0, 0x0, 0x0, 0x0 ) 
0x00007FF8C20DC2CF	NULL (NULL:0) (KERNELBASE:0x00007FF8C2090000) ( 0x0, 0x0, 0x35ef3520, 0x2039f9a0 ) 
0x00007FF8C20DC1CE	NULL (NULL:0) (KERNELBASE:0x00007FF8C2090000) ( 0x0, 0x8d1af170, 0x1000, 0x8d302f60 ) 
0x00007FF88CEE1475	NULL (NULL:0) (nvwgf2umx:0x00007FF88C7A0000) ( 0x35ef3520, 0x2039f9a0, 0x2039f9a0, 0x0 ) 
0x00007FF88CF04EAA	NULL (NULL:0) (nvwgf2umx:0x00007FF88C7A0000) ( 0x8d502c40, 0x0, 0x0, 0x0 ) 
0x00007FF88D2DDB77	NULL (NULL:0) (nvwgf2umx:0x00007FF88C7A0000) ( 0x8d502630, 0x0, 0x0, 0x0 ) 
0x00007FF88D2DDD1E	NULL (NULL:0) (nvwgf2umx:0x00007FF88C7A0000) ( 0x0, 0x0, 0x0, 0x0 ) 
0x00007FF8C30F8364	NULL (NULL:0) (KERNEL32:0x00007FF8C30F0000) ( 0x0, 0x0, 0x0, 0x0 ) 

Thread 10928
=====================
0x00007FF8C57F6C24	NULL (NULL:0) (ntdll:0x00007FF8C5750000) ( 0x0, 0x0, 0x0, 0x0 ) 
0x00007FF8C20DC2CF	NULL (NULL:0) (KERNELBASE:0x00007FF8C2090000) ( 0x0, 0x0, 0x35ef37a0, 0x1fe556a0 ) 
0x00007FF8C20DC1CE	NULL (NULL:0) (KERNELBASE:0x00007FF8C2090000) ( 0x0, 0x8d1af170, 0x1000, 0x8d302f60 ) 
0x00007FF88CEE1475	NULL (NULL:0) (nvwgf2umx:0x00007FF88C7A0000) ( 0x35ef37a0, 0x1fe556a0, 0x1fe556a0, 0x0 ) 
0x00007FF88CF04EAA	NULL (NULL:0) (nvwgf2umx:0x00007FF88C7A0000) ( 0x8d502c40, 0x0, 0x0, 0x0 ) 
0x00007FF88D2DDB77	NULL (NULL:0) (nvwgf2umx:0x00007FF88C7A0000) ( 0x8d502630, 0x0, 0x0, 0x0 ) 
0x00007FF88D2DDD1E	NULL (NULL:0) (nvwgf2umx:0x00007FF88C7A0000) ( 0x0, 0x0, 0x0, 0x0 ) 
0x00007FF8C30F8364	NULL (NULL:0) (KERNEL32:0x00007FF8C30F0000) ( 0x0, 0x0, 0x0, 0x0 ) 

Thread 12296
=====================
0x00007FF8C57F6C24	NULL (NULL:0) (ntdll:0x00007FF8C5750000) ( 0x0, 0x0, 0x0, 0x0 ) 
0x00007FF8C20DC2CF	NULL (NULL:0) (KERNELBASE:0x00007FF8C2090000) ( 0x0, 0x0, 0x35ef5690, 0x2af5fac0 ) 
0x00007FF8C20DC1CE	NULL (NULL:0) (KERNELBASE:0x00007FF8C2090000) ( 0x0, 0x8d1af170, 0x1000, 0x8d302f60 ) 
0x00007FF88CEE1475	NULL (NULL:0) (nvwgf2umx:0x00007FF88C7A0000) ( 0x35ef5690, 0x2af5fac0, 0x2af5fac0, 0x0 ) 
0x00007FF88CF04EAA	NULL (NULL:0) (nvwgf2umx:0x00007FF88C7A0000) ( 0x8d502c40, 0x0, 0x0, 0x0 ) 
0x00007FF88D2DDB77	NULL (NULL:0) (nvwgf2umx:0x00007FF88C7A0000) ( 0x8d502630, 0x0, 0x0, 0x0 ) 
0x00007FF88D2DDD1E	NULL (NULL:0) (nvwgf2umx:0x00007FF88C7A0000) ( 0x0, 0x0, 0x0, 0x0 ) 
0x00007FF8C30F8364	NULL (NULL:0) (KERNEL32:0x00007FF8C30F0000) ( 0x0, 0x0, 0x0, 0x0 ) 

Thread 15516
=====================
0x00007FF8C57F6C24	NULL (NULL:0) (ntdll:0x00007FF8C5750000) ( 0x0, 0x0, 0x0, 0x0 ) 
0x00007FF8C20DC2CF	NULL (NULL:0) (KERNELBASE:0x00007FF8C2090000) ( 0x0, 0x0, 0x35ef0fa0, 0x3907a820 ) 
0x00007FF8C20DC1CE	NULL (NULL:0) (KERNELBASE:0x00007FF8C2090000) ( 0x0, 0x8d1af170, 0x1000, 0x8d302f60 ) 
0x00007FF88CEE1475	NULL (NULL:0) (nvwgf2umx:0x00007FF88C7A0000) ( 0x35ef0fa0, 0x3907a820, 0x3907a820, 0x0 ) 
0x00007FF88CF04EAA	NULL (NULL:0) (nvwgf2umx:0x00007FF88C7A0000) ( 0x8d502c40, 0x0, 0x0, 0x0 ) 
0x00007FF88D2DDB77	NULL (NULL:0) (nvwgf2umx:0x00007FF88C7A0000) ( 0x8d502630, 0x0, 0x0, 0x0 ) 
0x00007FF88D2DDD1E	NULL (NULL:0) (nvwgf2umx:0x00007FF88C7A0000) ( 0x0, 0x0, 0x0, 0x0 ) 
0x00007FF8C30F8364	NULL (NULL:0) (KERNEL32:0x00007FF8C30F0000) ( 0x0, 0x0, 0x0, 0x0 ) 

Thread 9136
=====================
0x00007FF8C57F6C24	NULL (NULL:0) (ntdll:0x00007FF8C5750000) ( 0x0, 0x0, 0x0, 0x0 ) 
0x00007FF8C20DC2CF	NULL (NULL:0) (KERNELBASE:0x00007FF8C2090000) ( 0x0, 0x0, 0x35ef0cd0, 0x39078830 ) 
0x00007FF8C20DC1CE	NULL (NULL:0) (KERNELBASE:0x00007FF8C2090000) ( 0x0, 0x8d1af170, 0x1000, 0x8d302f60 ) 
0x00007FF88CEE1475	NULL (NULL:0) (nvwgf2umx:0x00007FF88C7A0000) ( 0x35ef0cd0, 0x39078830, 0x39078830, 0x0 ) 
0x00007FF88CF04EAA	NULL (NULL:0) (nvwgf2umx:0x00007FF88C7A0000) ( 0x8d502c40, 0x0, 0x0, 0x0 ) 
0x00007FF88D2DDB77	NULL (NULL:0) (nvwgf2umx:0x00007FF88C7A0000) ( 0x8d502630, 0x0, 0x0, 0x0 ) 
0x00007FF88D2DDD1E	NULL (NULL:0) (nvwgf2umx:0x00007FF88C7A0000) ( 0x0, 0x0, 0x0, 0x0 ) 
0x00007FF8C30F8364	NULL (NULL:0) (KERNEL32:0x00007FF8C30F0000) ( 0x0, 0x0, 0x0, 0x0 ) 

Thread 3376
=====================
0x00007FF8C57F6C24	NULL (NULL:0) (ntdll:0x00007FF8C5750000) ( 0x0, 0x0, 0x0, 0x0 ) 
0x00007FF8C20DC2CF	NULL (NULL:0) (KERNELBASE:0x00007FF8C2090000) ( 0x0, 0x0, 0x38ff3a30, 0x39420610 ) 
0x00007FF8C20DC1CE	NULL (NULL:0) (KERNELBASE:0x00007FF8C2090000) ( 0x0, 0x8d1af170, 0x1000, 0x8d302f60 ) 
0x00007FF88CEE1475	NULL (NULL:0) (nvwgf2umx:0x00007FF88C7A0000) ( 0x38ff3a30, 0x39420610, 0x39420610, 0x0 ) 
0x00007FF88CF04EAA	NULL (NULL:0) (nvwgf2umx:0x00007FF88C7A0000) ( 0x8d502c40, 0x0, 0x0, 0x0 ) 
0x00007FF88D2DDB77	NULL (NULL:0) (nvwgf2umx:0x00007FF88C7A0000) ( 0x8d502630, 0x0, 0x0, 0x0 ) 
0x00007FF88D2DDD1E	NULL (NULL:0) (nvwgf2umx:0x00007FF88C7A0000) ( 0x0, 0x0, 0x0, 0x0 ) 
0x00007FF8C30F8364	NULL (NULL:0) (KERNEL32:0x00007FF8C30F0000) ( 0x0, 0x0, 0x0, 0x0 ) 

Thread 16196
=====================
0x00007FF8C57F6C24	NULL (NULL:0) (ntdll:0x00007FF8C5750000) ( 0x0, 0x0, 0x0, 0x0 ) 
0x00007FF8C20DC2CF	NULL (NULL:0) (KERNELBASE:0x00007FF8C2090000) ( 0x0, 0x0, 0x38ff4070, 0x3941ef40 ) 
0x00007FF8C20DC1CE	NULL (NULL:0) (KERNELBASE:0x00007FF8C2090000) ( 0x0, 0x8d1af170, 0x1000, 0x8d302f60 ) 
0x00007FF88CEE1475	NULL (NULL:0) (nvwgf2umx:0x00007FF88C7A0000) ( 0x38ff4070, 0x3941ef40, 0x3941ef40, 0x0 ) 
0x00007FF88CF04EAA	NULL (NULL:0) (nvwgf2umx:0x00007FF88C7A0000) ( 0x8d502c40, 0x0, 0x0, 0x0 ) 
0x00007FF88D2DDB77	NULL (NULL:0) (nvwgf2umx:0x00007FF88C7A0000) ( 0x8d502630, 0x0, 0x0, 0x0 ) 
0x00007FF88D2DDD1E	NULL (NULL:0) (nvwgf2umx:0x00007FF88C7A0000) ( 0x0, 0x0, 0x0, 0x0 ) 
0x00007FF8C30F8364	NULL (NULL:0) (KERNEL32:0x00007FF8C30F0000) ( 0x0, 0x0, 0x0, 0x0 ) 

Thread 13900
=====================
0x00007FF8C57F6154	NULL (NULL:0) (ntdll:0x00007FF8C5750000) ( 0x4d0929f0, 0xc577f644, 0x0, 0xc20e1269 ) 
0x00007FF8C20A75FF	NULL (NULL:0) (KERNELBASE:0x00007FF8C2090000) ( 0x38615a8, 0x4024199e, 0x0, 0x684 ) 
0x00000001402B877A	NULL (NULL:0) (xtop:0x0000000140000000) ( 0x4bdb4cc8, 0x4d095370, 0x0, 0x1 ) 
0x0000000140750EF4	NULL (NULL:0) (xtop:0x0000000140000000) ( 0x0, 0x0, 0x3955280, 0x0 ) 
0x00000001402BC3B3	NULL (NULL:0) (xtop:0x0000000140000000) ( 0x0, 0x0, 0x2dd5cd0, 0x7fffffff ) 
0x0000000140448F7B	NULL (NULL:0) (xtop:0x0000000140000000) ( 0x38144ba0, 0x0, 0x0, 0x0 ) 
0x000000014044902F	NULL (NULL:0) (xtop:0x0000000140000000) ( 0x0, 0x0, 0x0, 0x0 ) 
0x00007FF8C30F8364	NULL (NULL:0) (KERNEL32:0x00007FF8C30F0000) ( 0x0, 0x0, 0x0, 0x0 ) 

Thread 3908
=====================
0x00007FF8C57F6C24	NULL (NULL:0) (ntdll:0x00007FF8C5750000) ( 0x0, 0x0, 0x0, 0x0 ) 
0x00007FF8C20DC2CF	NULL (NULL:0) (KERNELBASE:0x00007FF8C2090000) ( 0x0, 0x0, 0x38ff5290, 0x39408b60 ) 
0x00007FF8C20DC1CE	NULL (NULL:0) (KERNELBASE:0x00007FF8C2090000) ( 0x0, 0x8d1af170, 0x1000, 0x8d302f60 ) 
0x00007FF88CEE1475	NULL (NULL:0) (nvwgf2umx:0x00007FF88C7A0000) ( 0x38ff5290, 0x39408b60, 0x39408b60, 0x0 ) 
0x00007FF88CF04EAA	NULL (NULL:0) (nvwgf2umx:0x00007FF88C7A0000) ( 0x8d502c40, 0x0, 0x0, 0x0 ) 
0x00007FF88D2DDB77	NULL (NULL:0) (nvwgf2umx:0x00007FF88C7A0000) ( 0x8d502630, 0x0, 0x0, 0x0 ) 
0x00007FF88D2DDD1E	NULL (NULL:0) (nvwgf2umx:0x00007FF88C7A0000) ( 0x0, 0x0, 0x0, 0x0 ) 
0x00007FF8C30F8364	NULL (NULL:0) (KERNEL32:0x00007FF8C30F0000) ( 0x0, 0x0, 0x0, 0x0 ) 

Thread 10892
=====================
0x00007FF8C57F98A4	NULL (NULL:0) (ntdll:0x00007FF8C5750000) ( 0x3518f978, 0x3518f978, 0xd20d68, 0x1 ) 
0x00007FF8C578352E	NULL (NULL:0) (ntdll:0x00007FF8C5750000) ( 0x0, 0x0, 0x0, 0x0 ) 
0x00007FF8C30F8364	NULL (NULL:0) (KERNEL32:0x00007FF8C30F0000) ( 0x0, 0x0, 0x0, 0x0 ) 

Thread 8504
=====================
0x00007FF8C57F6C24	NULL (NULL:0) (ntdll:0x00007FF8C5750000) ( 0x0, 0x0, 0x0, 0x0 ) 
0x00007FF8C20DC2CF	NULL (NULL:0) (KERNELBASE:0x00007FF8C2090000) ( 0x0, 0x0, 0x38ff6be0, 0x3906e880 ) 
0x00007FF8C20DC1CE	NULL (NULL:0) (KERNELBASE:0x00007FF8C2090000) ( 0x0, 0x8d1af170, 0x1000, 0x8d302f60 ) 
0x00007FF88CEE1475	NULL (NULL:0) (nvwgf2umx:0x00007FF88C7A0000) ( 0x38ff6be0, 0x3906e880, 0x3906e880, 0x0 ) 
0x00007FF88CF04EAA	NULL (NULL:0) (nvwgf2umx:0x00007FF88C7A0000) ( 0x8d502c40, 0x0, 0x0, 0x0 ) 
0x00007FF88D2DDB77	NULL (NULL:0) (nvwgf2umx:0x00007FF88C7A0000) ( 0x8d502630, 0x0, 0x0, 0x0 ) 
0x00007FF88D2DDD1E	NULL (NULL:0) (nvwgf2umx:0x00007FF88C7A0000) ( 0x0, 0x0, 0x0, 0x0 ) 
0x00007FF8C30F8364	NULL (NULL:0) (KERNEL32:0x00007FF8C30F0000) ( 0x0, 0x0, 0x0, 0x0 ) 

Thread 11956
=====================
0x00007FF8C57F6C24	NULL (NULL:0) (ntdll:0x00007FF8C5750000) ( 0x0, 0x0, 0x0, 0x0 ) 
0x00007FF8C20DC2CF	NULL (NULL:0) (KERNELBASE:0x00007FF8C2090000) ( 0x0, 0x0, 0x3ff93710, 0x3ff12df0 ) 
0x00007FF8C20DC1CE	NULL (NULL:0) (KERNELBASE:0x00007FF8C2090000) ( 0x0, 0x8d1af170, 0x1000, 0x8d302f60 ) 
0x00007FF88CEE1475	NULL (NULL:0) (nvwgf2umx:0x00007FF88C7A0000) ( 0x3ff93710, 0x3ff12df0, 0x3ff12df0, 0x0 ) 
0x00007FF88CF04EAA	NULL (NULL:0) (nvwgf2umx:0x00007FF88C7A0000) ( 0x8d502c40, 0x0, 0x0, 0x0 ) 
0x00007FF88D2DDB77	NULL (NULL:0) (nvwgf2umx:0x00007FF88C7A0000) ( 0x8d502630, 0x0, 0x0, 0x0 ) 
0x00007FF88D2DDD1E	NULL (NULL:0) (nvwgf2umx:0x00007FF88C7A0000) ( 0x0, 0x0, 0x0, 0x0 ) 
0x00007FF8C30F8364	NULL (NULL:0) (KERNEL32:0x00007FF8C30F0000) ( 0x0, 0x0, 0x0, 0x0 ) 

Thread 13840
=====================
0x00007FF8C57F6C24	NULL (NULL:0) (ntdll:0x00007FF8C5750000) ( 0x0, 0x0, 0x0, 0x0 ) 
0x00007FF8C20DC2CF	NULL (NULL:0) (KERNELBASE:0x00007FF8C2090000) ( 0x0, 0x0, 0x3ff938a0, 0x3ff0e4f0 ) 
0x00007FF8C20DC1CE	NULL (NULL:0) (KERNELBASE:0x00007FF8C2090000) ( 0x0, 0x8d1af170, 0x1000, 0x8d302f60 ) 
0x00007FF88CEE1475	NULL (NULL:0) (nvwgf2umx:0x00007FF88C7A0000) ( 0x3ff938a0, 0x3ff0e4f0, 0x3ff0e4f0, 0x0 ) 
0x00007FF88CF04EAA	NULL (NULL:0) (nvwgf2umx:0x00007FF88C7A0000) ( 0x8d502c40, 0x0, 0x0, 0x0 ) 
0x00007FF88D2DDB77	NULL (NULL:0) (nvwgf2umx:0x00007FF88C7A0000) ( 0x8d502630, 0x0, 0x0, 0x0 ) 
0x00007FF88D2DDD1E	NULL (NULL:0) (nvwgf2umx:0x00007FF88C7A0000) ( 0x0, 0x0, 0x0, 0x0 ) 
0x00007FF8C30F8364	NULL (NULL:0) (KERNEL32:0x00007FF8C30F0000) ( 0x0, 0x0, 0x0, 0x0 ) 

Thread 15648
=====================
0x00007FF8C57F6C24	NULL (NULL:0) (ntdll:0x00007FF8C5750000) ( 0x0, 0x0, 0x0, 0x0 ) 
0x00007FF8C20DC2CF	NULL (NULL:0) (KERNELBASE:0x00007FF8C2090000) ( 0x0, 0x0, 0x3ff96690, 0x2af6acb0 ) 
0x00007FF8C20DC1CE	NULL (NULL:0) (KERNELBASE:0x00007FF8C2090000) ( 0x0, 0x8d1af170, 0x1000, 0x8d302f60 ) 
0x00007FF88CEE1475	NULL (NULL:0) (nvwgf2umx:0x00007FF88C7A0000) ( 0x3ff96690, 0x2af6acb0, 0x2af6acb0, 0x0 ) 
0x00007FF88CF04EAA	NULL (NULL:0) (nvwgf2umx:0x00007FF88C7A0000) ( 0x8d502c40, 0x0, 0x0, 0x0 ) 
0x00007FF88D2DDB77	NULL (NULL:0) (nvwgf2umx:0x00007FF88C7A0000) ( 0x8d502630, 0x0, 0x0, 0x0 ) 
0x00007FF88D2DDD1E	NULL (NULL:0) (nvwgf2umx:0x00007FF88C7A0000) ( 0x0, 0x0, 0x0, 0x0 ) 
0x00007FF8C30F8364	NULL (NULL:0) (KERNEL32:0x00007FF8C30F0000) ( 0x0, 0x0, 0x0, 0x0 ) 

Thread 14140
=====================
0x00007FF8C57F6C24	NULL (NULL:0) (ntdll:0x00007FF8C5750000) ( 0x0, 0x0, 0x0, 0x0 ) 
0x00007FF8C20DC2CF	NULL (NULL:0) (KERNELBASE:0x00007FF8C2090000) ( 0x0, 0x0, 0x3ff97680, 0x2af6acb0 ) 
0x00007FF8C20DC1CE	NULL (NULL:0) (KERNELBASE:0x00007FF8C2090000) ( 0x0, 0x8d1af170, 0x1000, 0x8d302f60 ) 
0x00007FF88CEE1475	NULL (NULL:0) (nvwgf2umx:0x00007FF88C7A0000) ( 0x3ff97680, 0x2af6acb0, 0x2af6acb0, 0x0 ) 
0x00007FF88CF04EAA	NULL (NULL:0) (nvwgf2umx:0x00007FF88C7A0000) ( 0x8d502c40, 0x0, 0x0, 0x0 ) 
0x00007FF88D2DDB77	NULL (NULL:0) (nvwgf2umx:0x00007FF88C7A0000) ( 0x8d502630, 0x0, 0x0, 0x0 ) 
0x00007FF88D2DDD1E	NULL (NULL:0) (nvwgf2umx:0x00007FF88C7A0000) ( 0x0, 0x0, 0x0, 0x0 ) 
0x00007FF8C30F8364	NULL (NULL:0) (KERNEL32:0x00007FF8C30F0000) ( 0x0, 0x0, 0x0, 0x0 ) 

Thread 6932
=====================
0x00007FF8C57F6C24	NULL (NULL:0) (ntdll:0x00007FF8C5750000) ( 0x0, 0x0, 0x0, 0x0 ) 
0x00007FF8C20DC2CF	NULL (NULL:0) (KERNELBASE:0x00007FF8C2090000) ( 0x0, 0x0, 0x3ff9b320, 0x2abfcf30 ) 
0x00007FF8C20DC1CE	NULL (NULL:0) (KERNELBASE:0x00007FF8C2090000) ( 0x0, 0x8d1af170, 0x1000, 0x8d302f60 ) 
0x00007FF88CEE1475	NULL (NULL:0) (nvwgf2umx:0x00007FF88C7A0000) ( 0x3ff9b320, 0x2abfcf30, 0x2abfcf30, 0x0 ) 
0x00007FF88CF04EAA	NULL (NULL:0) (nvwgf2umx:0x00007FF88C7A0000) ( 0x8d502c40, 0x0, 0x0, 0x0 ) 
0x00007FF88D2DDB77	NULL (NULL:0) (nvwgf2umx:0x00007FF88C7A0000) ( 0x8d502630, 0x0, 0x0, 0x0 ) 
0x00007FF88D2DDD1E	NULL (NULL:0) (nvwgf2umx:0x00007FF88C7A0000) ( 0x0, 0x0, 0x0, 0x0 ) 
0x00007FF8C30F8364	NULL (NULL:0) (KERNEL32:0x00007FF8C30F0000) ( 0x0, 0x0, 0x0, 0x0 ) 

Thread 16120
=====================
0x00007FF8C57F6C24	NULL (NULL:0) (ntdll:0x00007FF8C5750000) ( 0x0, 0x0, 0x0, 0x0 ) 
0x00007FF8C20DC2CF	NULL (NULL:0) (KERNELBASE:0x00007FF8C2090000) ( 0x0, 0x0, 0x3ff9a970, 0x2abfef20 ) 
0x00007FF8C20DC1CE	NULL (NULL:0) (KERNELBASE:0x00007FF8C2090000) ( 0x0, 0x8d1af170, 0x1000, 0x8d302f60 ) 
0x00007FF88CEE1475	NULL (NULL:0) (nvwgf2umx:0x00007FF88C7A0000) ( 0x3ff9a970, 0x2abfef20, 0x2abfef20, 0x0 ) 
0x00007FF88CF04EAA	NULL (NULL:0) (nvwgf2umx:0x00007FF88C7A0000) ( 0x8d502c40, 0x0, 0x0, 0x0 ) 
0x00007FF88D2DDB77	NULL (NULL:0) (nvwgf2umx:0x00007FF88C7A0000) ( 0x8d502630, 0x0, 0x0, 0x0 ) 
0x00007FF88D2DDD1E	NULL (NULL:0) (nvwgf2umx:0x00007FF88C7A0000) ( 0x0, 0x0, 0x0, 0x0 ) 
0x00007FF8C30F8364	NULL (NULL:0) (KERNEL32:0x00007FF8C30F0000) ( 0x0, 0x0, 0x0, 0x0 ) 

Thread 15376
=====================
0x00007FF8C57F6C24	NULL (NULL:0) (ntdll:0x00007FF8C5750000) ( 0x0, 0x0, 0x0, 0x0 ) 
0x00007FF8C20DC2CF	NULL (NULL:0) (KERNELBASE:0x00007FF8C2090000) ( 0x0, 0x0, 0x3ff9de90, 0x39078830 ) 
0x00007FF8C20DC1CE	NULL (NULL:0) (KERNELBASE:0x00007FF8C2090000) ( 0x0, 0x8d1af170, 0x1000, 0x8d302f60 ) 
0x00007FF88CEE1475	NULL (NULL:0) (nvwgf2umx:0x00007FF88C7A0000) ( 0x3ff9de90, 0x39078830, 0x39078830, 0x0 ) 
0x00007FF88CF04EAA	NULL (NULL:0) (nvwgf2umx:0x00007FF88C7A0000) ( 0x8d502c40, 0x0, 0x0, 0x0 ) 
0x00007FF88D2DDB77	NULL (NULL:0) (nvwgf2umx:0x00007FF88C7A0000) ( 0x8d502630, 0x0, 0x0, 0x0 ) 
0x00007FF88D2DDD1E	NULL (NULL:0) (nvwgf2umx:0x00007FF88C7A0000) ( 0x0, 0x0, 0x0, 0x0 ) 
0x00007FF8C30F8364	NULL (NULL:0) (KERNEL32:0x00007FF8C30F0000) ( 0x0, 0x0, 0x0, 0x0 ) 

Thread 12480
=====================
0x00007FF8C57F6C24	NULL (NULL:0) (ntdll:0x00007FF8C5750000) ( 0x0, 0x0, 0x0, 0x0 ) 
0x00007FF8C20DC2CF	NULL (NULL:0) (KERNELBASE:0x00007FF8C2090000) ( 0x0, 0x0, 0x3ff9df30, 0x39076840 ) 
0x00007FF8C20DC1CE	NULL (NULL:0) (KERNELBASE:0x00007FF8C2090000) ( 0x0, 0x8d1af170, 0x1000, 0x8d302f60 ) 
0x00007FF88CEE1475	NULL (NULL:0) (nvwgf2umx:0x00007FF88C7A0000) ( 0x3ff9df30, 0x39076840, 0x39076840, 0x0 ) 
0x00007FF88CF04EAA	NULL (NULL:0) (nvwgf2umx:0x00007FF88C7A0000) ( 0x8d502c40, 0x0, 0x0, 0x0 ) 
0x00007FF88D2DDB77	NULL (NULL:0) (nvwgf2umx:0x00007FF88C7A0000) ( 0x8d502630, 0x0, 0x0, 0x0 ) 
0x00007FF88D2DDD1E	NULL (NULL:0) (nvwgf2umx:0x00007FF88C7A0000) ( 0x0, 0x0, 0x0, 0x0 ) 
0x00007FF8C30F8364	NULL (NULL:0) (KERNEL32:0x00007FF8C30F0000) ( 0x0, 0x0, 0x0, 0x0 ) 

Thread 11852
=====================
0x00007FF8C57F6C24	NULL (NULL:0) (ntdll:0x00007FF8C5750000) ( 0x0, 0x0, 0x0, 0x0 ) 
0x00007FF8C20DC2CF	NULL (NULL:0) (KERNELBASE:0x00007FF8C2090000) ( 0x0, 0x0, 0x4352f920, 0x2abfdce0 ) 
0x00007FF8C20DC1CE	NULL (NULL:0) (KERNELBASE:0x00007FF8C2090000) ( 0x0, 0x8d1af170, 0x1000, 0x8d302f60 ) 
0x00007FF88CEE1475	NULL (NULL:0) (nvwgf2umx:0x00007FF88C7A0000) ( 0x4352f920, 0x2abfdce0, 0x2abfdce0, 0x0 ) 
0x00007FF88CF04EAA	NULL (NULL:0) (nvwgf2umx:0x00007FF88C7A0000) ( 0x8d502c40, 0x0, 0x0, 0x0 ) 
0x00007FF88D2DDB77	NULL (NULL:0) (nvwgf2umx:0x00007FF88C7A0000) ( 0x8d502630, 0x0, 0x0, 0x0 ) 
0x00007FF88D2DDD1E	NULL (NULL:0) (nvwgf2umx:0x00007FF88C7A0000) ( 0x0, 0x0, 0x0, 0x0 ) 
0x00007FF8C30F8364	NULL (NULL:0) (KERNEL32:0x00007FF8C30F0000) ( 0x0, 0x0, 0x0, 0x0 ) 

Thread 1564
=====================
0x00007FF8C57F6C24	NULL (NULL:0) (ntdll:0x00007FF8C5750000) ( 0x0, 0x0, 0x0, 0x0 ) 
0x00007FF8C20DC2CF	NULL (NULL:0) (KERNELBASE:0x00007FF8C2090000) ( 0x0, 0x0, 0x435337f0, 0x39419890 ) 
0x00007FF8C20DC1CE	NULL (NULL:0) (KERNELBASE:0x00007FF8C2090000) ( 0x0, 0x8d1af170, 0x1000, 0x8d302f60 ) 
0x00007FF88CEE1475	NULL (NULL:0) (nvwgf2umx:0x00007FF88C7A0000) ( 0x435337f0, 0x39419890, 0x39419890, 0x0 ) 
0x00007FF88CF04EAA	NULL (NULL:0) (nvwgf2umx:0x00007FF88C7A0000) ( 0x8d502c40, 0x0, 0x0, 0x0 ) 
0x00007FF88D2DDB77	NULL (NULL:0) (nvwgf2umx:0x00007FF88C7A0000) ( 0x8d502630, 0x0, 0x0, 0x0 ) 
0x00007FF88D2DDD1E	NULL (NULL:0) (nvwgf2umx:0x00007FF88C7A0000) ( 0x0, 0x0, 0x0, 0x0 ) 
0x00007FF8C30F8364	NULL (NULL:0) (KERNEL32:0x00007FF8C30F0000) ( 0x0, 0x0, 0x0, 0x0 ) 

Thread 8768
=====================
0x00007FF8C57F6C24	NULL (NULL:0) (ntdll:0x00007FF8C5750000) ( 0x0, 0x0, 0x0, 0x0 ) 
0x00007FF8C20DC2CF	NULL (NULL:0) (KERNELBASE:0x00007FF8C2090000) ( 0x0, 0x0, 0x43533840, 0x3941b880 ) 
0x00007FF8C20DC1CE	NULL (NULL:0) (KERNELBASE:0x00007FF8C2090000) ( 0x0, 0x8d1af170, 0x1000, 0x8d302f60 ) 
0x00007FF88CEE1475	NULL (NULL:0) (nvwgf2umx:0x00007FF88C7A0000) ( 0x43533840, 0x3941b880, 0x3941b880, 0x0 ) 
0x00007FF88CF04EAA	NULL (NULL:0) (nvwgf2umx:0x00007FF88C7A0000) ( 0x8d502c40, 0x0, 0x0, 0x0 ) 
0x00007FF88D2DDB77	NULL (NULL:0) (nvwgf2umx:0x00007FF88C7A0000) ( 0x8d502630, 0x0, 0x0, 0x0 ) 
0x00007FF88D2DDD1E	NULL (NULL:0) (nvwgf2umx:0x00007FF88C7A0000) ( 0x0, 0x0, 0x0, 0x0 ) 
0x00007FF8C30F8364	NULL (NULL:0) (KERNEL32:0x00007FF8C30F0000) ( 0x0, 0x0, 0x0, 0x0 ) 

Thread 4236
=====================
0x00007FF8C57F6C24	NULL (NULL:0) (ntdll:0x00007FF8C5750000) ( 0x0, 0x0, 0x0, 0x0 ) 
0x00007FF8C20DC2CF	NULL (NULL:0) (KERNELBASE:0x00007FF8C2090000) ( 0x0, 0x0, 0x43527c20, 0x2039f9a0 ) 
0x00007FF8C20DC1CE	NULL (NULL:0) (KERNELBASE:0x00007FF8C2090000) ( 0x0, 0x8d1af170, 0x1000, 0x8d302f60 ) 
0x00007FF88CEE1475	NULL (NULL:0) (nvwgf2umx:0x00007FF88C7A0000) ( 0x43527c20, 0x2039f9a0, 0x2039f9a0, 0x0 ) 
0x00007FF88CF04EAA	NULL (NULL:0) (nvwgf2umx:0x00007FF88C7A0000) ( 0x8d502c40, 0x0, 0x0, 0x0 ) 
0x00007FF88D2DDB77	NULL (NULL:0) (nvwgf2umx:0x00007FF88C7A0000) ( 0x8d502630, 0x0, 0x0, 0x0 ) 
0x00007FF88D2DDD1E	NULL (NULL:0) (nvwgf2umx:0x00007FF88C7A0000) ( 0x0, 0x0, 0x0, 0x0 ) 
0x00007FF8C30F8364	NULL (NULL:0) (KERNEL32:0x00007FF8C30F0000) ( 0x0, 0x0, 0x0, 0x0 ) 

Thread 12728
=====================
0x00007FF8C57F6C24	NULL (NULL:0) (ntdll:0x00007FF8C5750000) ( 0x0, 0x0, 0x0, 0x0 ) 
0x00007FF8C20DC2CF	NULL (NULL:0) (KERNELBASE:0x00007FF8C2090000) ( 0x0, 0x0, 0x43527180, 0x2039f080 ) 
0x00007FF8C20DC1CE	NULL (NULL:0) (KERNELBASE:0x00007FF8C2090000) ( 0x0, 0x8d1af170, 0x1000, 0x8d302f60 ) 
0x00007FF88CEE1475	NULL (NULL:0) (nvwgf2umx:0x00007FF88C7A0000) ( 0x43527180, 0x2039f080, 0x2039f080, 0x0 ) 
0x00007FF88CF04EAA	NULL (NULL:0) (nvwgf2umx:0x00007FF88C7A0000) ( 0x8d502c40, 0x0, 0x0, 0x0 ) 
0x00007FF88D2DDB77	NULL (NULL:0) (nvwgf2umx:0x00007FF88C7A0000) ( 0x8d502630, 0x0, 0x0, 0x0 ) 
0x00007FF88D2DDD1E	NULL (NULL:0) (nvwgf2umx:0x00007FF88C7A0000) ( 0x0, 0x0, 0x0, 0x0 ) 
0x00007FF8C30F8364	NULL (NULL:0) (KERNEL32:0x00007FF8C30F0000) ( 0x0, 0x0, 0x0, 0x0 ) 

Thread 11528
=====================
0x00007FF8C57F6C24	NULL (NULL:0) (ntdll:0x00007FF8C5750000) ( 0x0, 0x0, 0x0, 0x0 ) 
0x00007FF8C20DC2CF	NULL (NULL:0) (KERNELBASE:0x00007FF8C2090000) ( 0x0, 0x0, 0x4352a970, 0x1fe59680 ) 
0x00007FF8C20DC1CE	NULL (NULL:0) (KERNELBASE:0x00007FF8C2090000) ( 0x0, 0x8d1af170, 0x1000, 0x8d302f60 ) 
0x00007FF88CEE1475	NULL (NULL:0) (nvwgf2umx:0x00007FF88C7A0000) ( 0x4352a970, 0x1fe59680, 0x1fe59680, 0x0 ) 
0x00007FF88CF04EAA	NULL (NULL:0) (nvwgf2umx:0x00007FF88C7A0000) ( 0x8d502c40, 0x0, 0x0, 0x0 ) 
0x00007FF88D2DDB77	NULL (NULL:0) (nvwgf2umx:0x00007FF88C7A0000) ( 0x8d502630, 0x0, 0x0, 0x0 ) 
0x00007FF88D2DDD1E	NULL (NULL:0) (nvwgf2umx:0x00007FF88C7A0000) ( 0x0, 0x0, 0x0, 0x0 ) 
0x00007FF8C30F8364	NULL (NULL:0) (KERNEL32:0x00007FF8C30F0000) ( 0x0, 0x0, 0x0, 0x0 ) 

Thread 7948
=====================
0x00007FF8C57F6C24	NULL (NULL:0) (ntdll:0x00007FF8C5750000) ( 0x0, 0x0, 0x0, 0x0 ) 
0x00007FF8C20DC2CF	NULL (NULL:0) (KERNELBASE:0x00007FF8C2090000) ( 0x0, 0x0, 0x4352ab50, 0x2015c2a0 ) 
0x00007FF8C20DC1CE	NULL (NULL:0) (KERNELBASE:0x00007FF8C2090000) ( 0x0, 0x8d1af170, 0x1000, 0x8d302f60 ) 
0x00007FF88CEE1475	NULL (NULL:0) (nvwgf2umx:0x00007FF88C7A0000) ( 0x4352ab50, 0x2015c2a0, 0x2015c2a0, 0x0 ) 
0x00007FF88CF04EAA	NULL (NULL:0) (nvwgf2umx:0x00007FF88C7A0000) ( 0x8d502c40, 0x0, 0x0, 0x0 ) 
0x00007FF88D2DDB77	NULL (NULL:0) (nvwgf2umx:0x00007FF88C7A0000) ( 0x8d502630, 0x0, 0x0, 0x0 ) 
0x00007FF88D2DDD1E	NULL (NULL:0) (nvwgf2umx:0x00007FF88C7A0000) ( 0x0, 0x0, 0x0, 0x0 ) 
0x00007FF8C30F8364	NULL (NULL:0) (KERNEL32:0x00007FF8C30F0000) ( 0x0, 0x0, 0x0, 0x0 ) 

Thread 10736
=====================
0x00007FF8C57F6C24	NULL (NULL:0) (ntdll:0x00007FF8C5750000) ( 0x0, 0x0, 0x0, 0x0 ) 
0x00007FF8C20DC2CF	NULL (NULL:0) (KERNELBASE:0x00007FF8C2090000) ( 0x0, 0x0, 0x4352e4d0, 0x1fe56450 ) 
0x00007FF8C20DC1CE	NULL (NULL:0) (KERNELBASE:0x00007FF8C2090000) ( 0x0, 0x8d1af170, 0x1000, 0x8d302f60 ) 
0x00007FF88CEE1475	NULL (NULL:0) (nvwgf2umx:0x00007FF88C7A0000) ( 0x4352e4d0, 0x1fe56450, 0x1fe56450, 0x0 ) 
0x00007FF88CF04EAA	NULL (NULL:0) (nvwgf2umx:0x00007FF88C7A0000) ( 0x8d502c40, 0x0, 0x0, 0x0 ) 
0x00007FF88D2DDB77	NULL (NULL:0) (nvwgf2umx:0x00007FF88C7A0000) ( 0x8d502630, 0x0, 0x0, 0x0 ) 
0x00007FF88D2DDD1E	NULL (NULL:0) (nvwgf2umx:0x00007FF88C7A0000) ( 0x0, 0x0, 0x0, 0x0 ) 
0x00007FF8C30F8364	NULL (NULL:0) (KERNEL32:0x00007FF8C30F0000) ( 0x0, 0x0, 0x0, 0x0 ) 

Thread 4308
=====================
0x00007FF8C57F6C24	NULL (NULL:0) (ntdll:0x00007FF8C5750000) ( 0x0, 0x0, 0x0, 0x0 ) 
0x00007FF8C20DC2CF	NULL (NULL:0) (KERNELBASE:0x00007FF8C2090000) ( 0x0, 0x0, 0x4352ef70, 0x1fe56450 ) 
0x00007FF8C20DC1CE	NULL (NULL:0) (KERNELBASE:0x00007FF8C2090000) ( 0x0, 0x8d1af170, 0x1000, 0x8d302f60 ) 
0x00007FF88CEE1475	NULL (NULL:0) (nvwgf2umx:0x00007FF88C7A0000) ( 0x4352ef70, 0x1fe56450, 0x1fe56450, 0x0 ) 
0x00007FF88CF04EAA	NULL (NULL:0) (nvwgf2umx:0x00007FF88C7A0000) ( 0x8d502c40, 0x0, 0x0, 0x0 ) 
0x00007FF88D2DDB77	NULL (NULL:0) (nvwgf2umx:0x00007FF88C7A0000) ( 0x8d502630, 0x0, 0x0, 0x0 ) 
0x00007FF88D2DDD1E	NULL (NULL:0) (nvwgf2umx:0x00007FF88C7A0000) ( 0x0, 0x0, 0x0, 0x0 ) 
0x00007FF8C30F8364	NULL (NULL:0) (KERNEL32:0x00007FF8C30F0000) ( 0x0, 0x0, 0x0, 0x0 ) 

Thread 8728
=====================
0x00000001403D1476	NULL (NULL:0) (xtop:0x0000000140000000) ( 0x48199810, 0x4053af1b, 0x9, 0x318e6f68 ) 
0x0000000140543B70	NULL (NULL:0) (xtop:0x0000000140000000) ( 0x0, 0x0, 0x1, 0x4cfad0f0 ) 
0x0000000140547BD7	NULL (NULL:0) (xtop:0x0000000140000000) ( 0x8, 0x48199968, 0x4cfad0f0, 0x48199810 ) 
0x000000014054820E	NULL (NULL:0) (xtop:0x0000000140000000) ( 0x5d2, 0x51673630, 0x48199810, 0x318e6f68 ) 
0x000000014053113D	NULL (NULL:0) (xtop:0x0000000140000000) ( 0x5d2, 0x0, 0x4c0a3ad0, 0x48199810 ) 
0x000000014724570D	NULL (NULL:0) (xtop:0x0000000140000000) ( 0x4f38a5e8, 0x4698b710, 0x48199810, 0x0 ) 
0x0000000143DA9395	NULL (NULL:0) (xtop:0x0000000140000000) ( 0x4698b710, 0x48199810, 0x4c0a3c70, 0x1 ) 
0x000000014084230D	NULL (NULL:0) (xtop:0x0000000140000000) ( 0x0, 0x1, 0x1, 0x1 ) 
0x0000000140844F64	NULL (NULL:0) (xtop:0x0000000140000000) ( 0x4698b730, 0x2d65eb28, 0x4698b710, 0x51673540 ) 
0x0000000140849E61	NULL (NULL:0) (xtop:0x0000000140000000) ( 0x51006272, 0x4698b710, 0x51673630, 0x0 ) 
0x0000000147245A1D	NULL (NULL:0) (xtop:0x0000000140000000) ( 0x0, 0x43d9c140, 0x0, 0x4030cd37 ) 
0x0000000147245CDB	NULL (NULL:0) (xtop:0x0000000140000000) ( 0x4698b710, 0x0, 0x0, 0x46cc5650 ) 
0x0000000143D9C1FA	NULL (NULL:0) (xtop:0x0000000140000000) ( 0x1, 0x46c39b00, 0x51673990, 0x0 ) 
0x0000000143DAA9C0	NULL (NULL:0) (xtop:0x0000000140000000) ( 0x2, 0x51673990, 0x5d2, 0x4ba47f80 ) 
0x0000000143DABD94	NULL (NULL:0) (xtop:0x0000000140000000) ( 0x51677390, 0x51674170, 0x51674a40, 0x51674110 ) 
0x0000000143DAC62C	NULL (NULL:0) (xtop:0x0000000140000000) ( 0x1, 0x51674fe4, 0x516755c0, 0x1 ) 
0x000000014461FB81	NULL (NULL:0) (xtop:0x0000000140000000) ( 0x8, 0x5d, 0x4d095360, 0x403d66f4 ) 
0x0000000143C94000	NULL (NULL:0) (xtop:0x0000000140000000) ( 0x1, 0x2, 0x1, 0x0 ) 
0x000000014406A073	NULL (NULL:0) (xtop:0x0000000140000000) ( 0x0, 0x0, 0x103, 0x4f1ca9e0 ) 
0x000000014406E338	NULL (NULL:0) (xtop:0x0000000140000000) ( 0x0, 0x2, 0x0, 0x51677870 ) 
0x000000014407055B	NULL (NULL:0) (xtop:0x0000000140000000) ( 0x1, 0x0, 0x0, 0x2 ) 
0x000000014407102F	NULL (NULL:0) (xtop:0x0000000140000000) ( 0x1, 0x516780b0, 0x0, 0x0 ) 
0x00000001439FEC33	NULL (NULL:0) (xtop:0x0000000140000000) ( 0x0, 0x46c392f0, 0x4ef79100, 0x4ef79100 ) 
0x000000014534FCA9	NULL (NULL:0) (xtop:0x0000000140000000) ( 0x5cd, 0x46cc1c90, 0x46c392f0, 0x0 ) 
0x0000000145350EF9	NULL (NULL:0) (xtop:0x0000000140000000) ( 0x5cd, 0x46cc1c90, 0x46cc1c90, 0x0 ) 
0x00000001453517B6	NULL (NULL:0) (xtop:0x0000000140000000) ( 0x5cd, 0x0, 0x46c392f0, 0x0 ) 
0x0000000145352432	NULL (NULL:0) (xtop:0x0000000140000000) ( 0x0, 0x0, 0x0, 0x45350840 ) 
0x0000000145352D5E	NULL (NULL:0) (xtop:0x0000000140000000) ( 0x0, 0x46cc1c90, 0x0, 0x0 ) 
0x0000000145352FC7	NULL (NULL:0) (xtop:0x0000000140000000) ( 0x0, 0x516787e8, 0x5cd, 0x516786b4 ) 
0x00000001453538C4	NULL (NULL:0) (xtop:0x0000000140000000) ( 0x0, 0x0, 0x46cc1c90, 0x436fe2fe ) 
0x0000000143D9BBC3	NULL (NULL:0) (xtop:0x0000000140000000) ( 0x46982ed0, 0x1, 0x0, 0x4f187ed8 ) 
0x0000000143DABF08	NULL (NULL:0) (xtop:0x0000000140000000) ( 0x5167a3d0, 0x51679100, 0x516799d0, 0x516790a0 ) 
0x0000000143DAC62C	NULL (NULL:0) (xtop:0x0000000140000000) ( 0x0, 0x5167a0c8, 0x0, 0x0 ) 
0x000000014534CF34	NULL (NULL:0) (xtop:0x0000000140000000) ( 0x0, 0x5cd, 0x46cc5180, 0x5167abb0 ) 
0x000000014534E936	NULL (NULL:0) (xtop:0x0000000140000000) ( 0x46cc5180, 0x0, 0x46c32cd0, 0x0 ) 
0x000000014534FE3F	NULL (NULL:0) (xtop:0x0000000140000000) ( 0x5cd, 0x46cc5180, 0x46c32cd0, 0x0 ) 
0x0000000145350EF9	NULL (NULL:0) (xtop:0x0000000140000000) ( 0x5cd, 0x46cc5180, 0x46cc5180, 0x46bc20da ) 
0x00000001453517B6	NULL (NULL:0) (xtop:0x0000000140000000) ( 0x5cd, 0x0, 0x46c32cd0, 0x0 ) 
0x0000000145352432	NULL (NULL:0) (xtop:0x0000000140000000) ( 0x0, 0x0, 0x0, 0x45350840 ) 
0x0000000145352D5E	NULL (NULL:0) (xtop:0x0000000140000000) ( 0x0, 0x46cc5180, 0x0, 0x20 ) 
0x0000000145352FC7	NULL (NULL:0) (xtop:0x0000000140000000) ( 0x1, 0x5167b2e8, 0x5cd, 0x5167b1b4 ) 
0x00000001453538C4	NULL (NULL:0) (xtop:0x0000000140000000) ( 0x1, 0x0, 0x46cc5180, 0x436fe2fe ) 
0x0000000143D9BBC3	NULL (NULL:0) (xtop:0x0000000140000000) ( 0x46989500, 0x1, 0x0, 0x4f182098 ) 
0x0000000143DABF08	NULL (NULL:0) (xtop:0x0000000140000000) ( 0xbae070, 0x5167bc00, 0x5167c4d0, 0x5167bba0 ) 
0x0000000143DAC62C	NULL (NULL:0) (xtop:0x0000000140000000) ( 0x0, 0x5167cbc8, 0x0, 0x0 ) 
0x000000014534CF34	NULL (NULL:0) (xtop:0x0000000140000000) ( 0x0, 0x5cd, 0x5167cd10, 0x5167cd10 ) 
0x00000001439F7C81	NULL (NULL:0) (xtop:0x0000000140000000) ( 0xbae070, 0x0, 0x1, 0x1 ) 
0x000000014406A073	NULL (NULL:0) (xtop:0x0000000140000000) ( 0x0, 0xbadc80, 0x103, 0x0 ) 
0x000000014406E338	NULL (NULL:0) (xtop:0x0000000140000000) ( 0x0, 0x1, 0x0, 0x5167efc0 ) 
0x000000014407055B	NULL (NULL:0) (xtop:0x0000000140000000) ( 0x0, 0xbae070, 0x0, 0x1 ) 
0x000000014407102F	NULL (NULL:0) (xtop:0x0000000140000000) ( 0x0, 0xbadc80, 0x6547140, 0x0 ) 
0x0000000144071238	NULL (NULL:0) (xtop:0x0000000140000000) ( 0x1, 0x0, 0x1, 0x0 ) 
0x0000000144073165	NULL (NULL:0) (xtop:0x0000000140000000) ( 0x0, 0x6547140, 0xbae070, 0x1 ) 
0x0000000145A6B889	NULL (NULL:0) (xtop:0x0000000140000000) ( 0x4148c4a0, 0x4769d210, 0x0, 0x0 ) 
0x00000001408C2501	NULL (NULL:0) (xtop:0x0000000140000000) ( 0x46be90b0, 0x46be90b0, 0x0, 0x0 ) 
0x00000001402BC3B3	NULL (NULL:0) (xtop:0x0000000140000000) ( 0x0, 0x0, 0x2dd54d0, 0x0 ) 
0x0000000140448F7B	NULL (NULL:0) (xtop:0x0000000140000000) ( 0x38274c60, 0x0, 0x0, 0x0 ) 
0x000000014044902F	NULL (NULL:0) (xtop:0x0000000140000000) ( 0x0, 0x0, 0x0, 0x0 ) 
0x00007FF8C30F8364	NULL (NULL:0) (KERNEL32:0x00007FF8C30F0000) ( 0x0, 0x0, 0x0, 0x0 ) 
